12-04 23:17:33 com_github_MitjaNemec_ReplicateLayout.action_replicate_layout 392:Plugin executed on: 'win32'
12-04 23:17:33 com_github_MitjaNemec_ReplicateLayout.action_replicate_layout 393:Plugin executed with python version: '3.11.5 (main, Aug 14 2024, 05:26:19) [MSC v.1939 64 bit (AMD64)]'
12-04 23:17:33 com_github_MitjaNemec_ReplicateLayout.action_replicate_layout 394:KiCad build version: 8.0.6
12-04 23:17:33 com_github_MitjaNemec_ReplicateLayout.action_replicate_layout 395:Plugin version: 3.0.3
12-04 23:17:33 com_github_MitjaNemec_ReplicateLayout.action_replicate_layout 396:Frame repr: <wx._core.Frame object at 0x0000028067AA23B0>
12-04 23:17:33 com_github_MitjaNemec_ReplicateLayout.action_replicate_layout 420:Preparing replicator with Q201 as a reference
12-04 23:17:33 com_github_MitjaNemec_ReplicateLayout.replicate_layout 117:getting a list of all footprints on board
12-04 23:17:33 com_github_MitjaNemec_ReplicateLayout.action_replicate_layout 468:source anchor footprint is 'Q201'
Located on: ['AnodeGateDrive']
With filenames: ['anode.kicad_sch']
With sheet_id:['AnodeGateDrive']
12-04 23:17:33 com_github_MitjaNemec_ReplicateLayout.action_replicate_layout 475:Corresponding footprints are 
[('Q2101', ['AnodeGateDrive19']), ('Q2001', ['AnodeGateDrive18']), ('Q1901', ['AnodeGateDrive17']), ('Q1801', ['AnodeGateDrive16']), ('Q1701', ['AnodeGateDrive15']), ('Q1601', ['AnodeGateDrive14']), ('Q1501', ['AnodeGateDrive13']), ('Q1401', ['AnodeGateDrive12']), ('Q1301', ['AnodeGateDrive11']), ('Q1201', ['AnodeGateDrive10']), ('Q1101', ['AnodeGateDrive9']), ('Q1001', ['AnodeGateDrive8']), ('Q901', ['AnodeGateDrive7']), ('Q801', ['AnodeGateDrive6']), ('Q701', ['AnodeGateDrive5']), ('Q601', ['AnodeGateDrive4']), ('Q501', ['AnodeGateDrive3']), ('Q401', ['AnodeGateDrive2']), ('Q301', ['AnodeGateDrive1']), ('Q201', ['AnodeGateDrive'])]
12-04 23:17:33 com_github_MitjaNemec_ReplicateLayout.action_replicate_layout 487:Showing dialog
12-04 23:17:33 com_github_MitjaNemec_ReplicateLayout.replicate_layout 472:constructing a list of sheets suitable for replication on level:'AnodeGateDrive', file:'anode.kicad_sch'
12-04 23:17:33 com_github_MitjaNemec_ReplicateLayout.replicate_layout 509:suitable sheets are:[['AnodeGateDrive1'], ['AnodeGateDrive10'], ['AnodeGateDrive11'], ['AnodeGateDrive12'], ['AnodeGateDrive13'], ['AnodeGateDrive14'], ['AnodeGateDrive15'], ['AnodeGateDrive16'], ['AnodeGateDrive17'], ['AnodeGateDrive18'], ['AnodeGateDrive19'], ['AnodeGateDrive2'], ['AnodeGateDrive3'], ['AnodeGateDrive4'], ['AnodeGateDrive5'], ['AnodeGateDrive6'], ['AnodeGateDrive7'], ['AnodeGateDrive8'], ['AnodeGateDrive9']]
12-04 23:17:33 com_github_MitjaNemec_ReplicateLayout.replicate_layout 1507:Level selected: ['AnodeGateDrive']
12-04 23:17:33 com_github_MitjaNemec_ReplicateLayout.replicate_layout 1331:Filtering list of tracks
12-04 23:17:33 com_github_MitjaNemec_ReplicateLayout.action_replicate_layout 493:Toolbar position: wx.Point(3406, 77)
12-04 23:17:33 com_github_MitjaNemec_ReplicateLayout.action_replicate_layout 498:Dialog position: wx.Point(2967, 77)
12-04 23:17:44 com_github_MitjaNemec_ReplicateLayout.replicate_layout 472:constructing a list of sheets suitable for replication on level:'AnodeGateDrive', file:'anode.kicad_sch'
12-04 23:17:44 com_github_MitjaNemec_ReplicateLayout.replicate_layout 509:suitable sheets are:[['AnodeGateDrive1'], ['AnodeGateDrive10'], ['AnodeGateDrive11'], ['AnodeGateDrive12'], ['AnodeGateDrive13'], ['AnodeGateDrive14'], ['AnodeGateDrive15'], ['AnodeGateDrive16'], ['AnodeGateDrive17'], ['AnodeGateDrive18'], ['AnodeGateDrive19'], ['AnodeGateDrive2'], ['AnodeGateDrive3'], ['AnodeGateDrive4'], ['AnodeGateDrive5'], ['AnodeGateDrive6'], ['AnodeGateDrive7'], ['AnodeGateDrive8'], ['AnodeGateDrive9']]
12-04 23:17:44 com_github_MitjaNemec_ReplicateLayout.replicate_layout 1507:Level selected: ['AnodeGateDrive']
12-04 23:17:44 com_github_MitjaNemec_ReplicateLayout.replicate_layout 1331:Filtering list of tracks
12-04 23:17:45 com_github_MitjaNemec_ReplicateLayout.replicate_layout 472:constructing a list of sheets suitable for replication on level:'AnodeGateDrive', file:'anode.kicad_sch'
12-04 23:17:45 com_github_MitjaNemec_ReplicateLayout.replicate_layout 509:suitable sheets are:[['AnodeGateDrive1'], ['AnodeGateDrive10'], ['AnodeGateDrive11'], ['AnodeGateDrive12'], ['AnodeGateDrive13'], ['AnodeGateDrive14'], ['AnodeGateDrive15'], ['AnodeGateDrive16'], ['AnodeGateDrive17'], ['AnodeGateDrive18'], ['AnodeGateDrive19'], ['AnodeGateDrive2'], ['AnodeGateDrive3'], ['AnodeGateDrive4'], ['AnodeGateDrive5'], ['AnodeGateDrive6'], ['AnodeGateDrive7'], ['AnodeGateDrive8'], ['AnodeGateDrive9']]
12-04 23:17:45 com_github_MitjaNemec_ReplicateLayout.replicate_layout 1507:Level selected: ['AnodeGateDrive']
12-04 23:17:45 com_github_MitjaNemec_ReplicateLayout.replicate_layout 1331:Filtering list of tracks
12-04 23:17:47 com_github_MitjaNemec_ReplicateLayout.replicate_layout 472:constructing a list of sheets suitable for replication on level:'AnodeGateDrive', file:'anode.kicad_sch'
12-04 23:17:47 com_github_MitjaNemec_ReplicateLayout.replicate_layout 509:suitable sheets are:[['AnodeGateDrive1'], ['AnodeGateDrive10'], ['AnodeGateDrive11'], ['AnodeGateDrive12'], ['AnodeGateDrive13'], ['AnodeGateDrive14'], ['AnodeGateDrive15'], ['AnodeGateDrive16'], ['AnodeGateDrive17'], ['AnodeGateDrive18'], ['AnodeGateDrive19'], ['AnodeGateDrive2'], ['AnodeGateDrive3'], ['AnodeGateDrive4'], ['AnodeGateDrive5'], ['AnodeGateDrive6'], ['AnodeGateDrive7'], ['AnodeGateDrive8'], ['AnodeGateDrive9']]
12-04 23:17:47 com_github_MitjaNemec_ReplicateLayout.replicate_layout 1507:Level selected: ['AnodeGateDrive']
12-04 23:17:47 com_github_MitjaNemec_ReplicateLayout.replicate_layout 1331:Filtering list of tracks
12-04 23:17:50 com_github_MitjaNemec_ReplicateLayout.replicate_layout 472:constructing a list of sheets suitable for replication on level:'AnodeGateDrive', file:'anode.kicad_sch'
12-04 23:17:50 com_github_MitjaNemec_ReplicateLayout.replicate_layout 509:suitable sheets are:[['AnodeGateDrive1'], ['AnodeGateDrive10'], ['AnodeGateDrive11'], ['AnodeGateDrive12'], ['AnodeGateDrive13'], ['AnodeGateDrive14'], ['AnodeGateDrive15'], ['AnodeGateDrive16'], ['AnodeGateDrive17'], ['AnodeGateDrive18'], ['AnodeGateDrive19'], ['AnodeGateDrive2'], ['AnodeGateDrive3'], ['AnodeGateDrive4'], ['AnodeGateDrive5'], ['AnodeGateDrive6'], ['AnodeGateDrive7'], ['AnodeGateDrive8'], ['AnodeGateDrive9']]
12-04 23:17:50 com_github_MitjaNemec_ReplicateLayout.action_replicate_layout 240:Replicating layout
12-04 23:17:50 com_github_MitjaNemec_ReplicateLayout.replicate_layout 288:Starting replication of sheets: [['AnodeGateDrive1'], ['AnodeGateDrive10'], ['AnodeGateDrive11'], ['AnodeGateDrive12'], ['AnodeGateDrive13'], ['AnodeGateDrive14'], ['AnodeGateDrive15'], ['AnodeGateDrive16'], ['AnodeGateDrive17'], ['AnodeGateDrive18'], ['AnodeGateDrive19'], ['AnodeGateDrive2'], ['AnodeGateDrive3'], ['AnodeGateDrive4'], ['AnodeGateDrive5'], ['AnodeGateDrive6'], ['AnodeGateDrive7'], ['AnodeGateDrive8'], ['AnodeGateDrive9']]
on level: ['AnodeGateDrive']
with tracks=True, zone=True, text=True, text=True, intersecting=True, remove=True, locked footprints=False, group_only=False
12-04 23:17:50 root 332:updating GUI message: 'Preparing for replication'
12-04 23:17:50 root 337:updating GUI with: 0
12-04 23:17:50 com_github_MitjaNemec_ReplicateLayout.replicate_layout 358:Getting the list of source footprints
12-04 23:17:50 root 337:updating GUI with: 0
12-04 23:17:50 com_github_MitjaNemec_ReplicateLayout.replicate_layout 368:Getting the list of all the remaining footprints
12-04 23:17:50 com_github_MitjaNemec_ReplicateLayout.replicate_layout 375:Getting source tracks
12-04 23:17:50 com_github_MitjaNemec_ReplicateLayout.replicate_layout 1331:Filtering list of tracks
12-04 23:17:50 com_github_MitjaNemec_ReplicateLayout.replicate_layout 379:Getting source zones
12-04 23:17:50 com_github_MitjaNemec_ReplicateLayout.replicate_layout 383:Getting source text items
12-04 23:17:50 com_github_MitjaNemec_ReplicateLayout.replicate_layout 387:Getting source drawing items
12-04 23:17:50 com_github_MitjaNemec_ReplicateLayout.replicate_layout 320:Removing tracks and zones, before footprint placement
12-04 23:17:50 root 332:updating GUI message: 'Removing zones and tracks'
12-04 23:17:50 com_github_MitjaNemec_ReplicateLayout.replicate_layout 1277:Remove bounding box top:104525001, bottom:108435000, Left:167755000, Right:172785000
12-04 23:17:50 root 337:updating GUI with: 5
12-04 23:17:50 com_github_MitjaNemec_ReplicateLayout.replicate_layout 1277:Remove bounding box top:51565001, bottom:55475000, Left:167755000, Right:172785000
12-04 23:17:50 com_github_MitjaNemec_ReplicateLayout.replicate_layout 1277:Remove bounding box top:38325001, bottom:42235000, Left:167755000, Right:172785000
12-04 23:17:50 com_github_MitjaNemec_ReplicateLayout.replicate_layout 1277:Remove bounding box top:131045001, bottom:134955000, Left:145735000, Right:150765000
12-04 23:17:50 com_github_MitjaNemec_ReplicateLayout.replicate_layout 1277:Remove bounding box top:64805001, bottom:68715000, Left:167755000, Right:172785000
12-04 23:17:50 root 337:updating GUI with: 26
12-04 23:17:50 com_github_MitjaNemec_ReplicateLayout.replicate_layout 1277:Remove bounding box top:131045001, bottom:134955000, Left:135935000, Right:140965000
12-04 23:17:50 com_github_MitjaNemec_ReplicateLayout.replicate_layout 1277:Remove bounding box top:131045001, bottom:134955000, Left:86935000, Right:91965000
12-04 23:17:50 com_github_MitjaNemec_ReplicateLayout.replicate_layout 1277:Remove bounding box top:71425001, bottom:75335000, Left:167755000, Right:172785000
12-04 23:17:50 root 337:updating GUI with: 42
12-04 23:17:50 com_github_MitjaNemec_ReplicateLayout.replicate_layout 1277:Remove bounding box top:131045001, bottom:134955000, Left:106535000, Right:111565000
12-04 23:17:50 com_github_MitjaNemec_ReplicateLayout.replicate_layout 1277:Remove bounding box top:44945001, bottom:48855000, Left:167755000, Right:172785000
12-04 23:17:50 com_github_MitjaNemec_ReplicateLayout.replicate_layout 1277:Remove bounding box top:131045001, bottom:134955000, Left:77135000, Right:82165000
12-04 23:17:50 com_github_MitjaNemec_ReplicateLayout.replicate_layout 1277:Remove bounding box top:131045001, bottom:134955000, Left:116335000, Right:121365000
12-04 23:17:50 com_github_MitjaNemec_ReplicateLayout.replicate_layout 1277:Remove bounding box top:131045001, bottom:134955000, Left:126135000, Right:131165000
12-04 23:17:50 root 337:updating GUI with: 68
12-04 23:17:50 com_github_MitjaNemec_ReplicateLayout.replicate_layout 1277:Remove bounding box top:131045001, bottom:134955000, Left:155535000, Right:160565000
12-04 23:17:50 com_github_MitjaNemec_ReplicateLayout.replicate_layout 1277:Remove bounding box top:131045001, bottom:134955000, Left:96735000, Right:101765000
12-04 23:17:50 com_github_MitjaNemec_ReplicateLayout.replicate_layout 1277:Remove bounding box top:84665001, bottom:88575000, Left:167755000, Right:172785000
12-04 23:17:50 com_github_MitjaNemec_ReplicateLayout.replicate_layout 1277:Remove bounding box top:58185001, bottom:62095000, Left:167755000, Right:172785000
12-04 23:17:50 com_github_MitjaNemec_ReplicateLayout.replicate_layout 1277:Remove bounding box top:91285001, bottom:95195000, Left:167755000, Right:172785000
12-04 23:17:50 root 337:updating GUI with: 94
12-04 23:17:50 com_github_MitjaNemec_ReplicateLayout.replicate_layout 1277:Remove bounding box top:97905001, bottom:101815000, Left:167755000, Right:172785000
12-04 23:17:50 root 332:updating GUI message: 'Replicating footprints'
12-04 23:17:50 com_github_MitjaNemec_ReplicateLayout.replicate_layout 861:Replicating footprints
12-04 23:17:50 com_github_MitjaNemec_ReplicateLayout.replicate_layout 868:Replicating footprints on sheet ['AnodeGateDrive1']
12-04 23:17:50 com_github_MitjaNemec_ReplicateLayout.replicate_layout 985:Src text UUid:eff6395c-796d-41b3-8eb6-faac87cf7795
12-04 23:17:50 com_github_MitjaNemec_ReplicateLayout.replicate_layout 986:Dst text UUid:a7a25ad1-3a45-4df8-ac64-31ec00d0111b
12-04 23:17:50 com_github_MitjaNemec_ReplicateLayout.replicate_layout 985:Src text UUid:7eecb5de-067f-4fbb-9c5c-c80e537829d5
12-04 23:17:50 com_github_MitjaNemec_ReplicateLayout.replicate_layout 986:Dst text UUid:a90bb6e0-ada2-4c97-aa83-27ce4a0053e4
12-04 23:17:50 com_github_MitjaNemec_ReplicateLayout.replicate_layout 985:Src text UUid:d3442371-9fa4-438e-bee6-3f715f23cde9
12-04 23:17:50 com_github_MitjaNemec_ReplicateLayout.replicate_layout 986:Dst text UUid:2994de97-3717-42ff-8b70-ff0e10d799c6
12-04 23:17:50 com_github_MitjaNemec_ReplicateLayout.replicate_layout 985:Src text UUid:bbe554c6-1900-4610-92c0-9a7c043f24ad
12-04 23:17:50 com_github_MitjaNemec_ReplicateLayout.replicate_layout 986:Dst text UUid:3d5147e1-5123-4767-b69c-3daa1bdaf427
12-04 23:17:50 com_github_MitjaNemec_ReplicateLayout.replicate_layout 985:Src text UUid:7e182bfd-96dd-4ff2-996d-87fb70512d4a
12-04 23:17:50 com_github_MitjaNemec_ReplicateLayout.replicate_layout 986:Dst text UUid:5066376b-b3f3-4168-aadb-50eec0878f36
12-04 23:17:50 com_github_MitjaNemec_ReplicateLayout.replicate_layout 985:Src text UUid:97f1b8b5-fa4e-4d8c-a3e9-4b23d7ab8b8f
12-04 23:17:50 com_github_MitjaNemec_ReplicateLayout.replicate_layout 986:Dst text UUid:021228ae-e4ec-4a75-827d-f4e69ef28c53
12-04 23:17:50 com_github_MitjaNemec_ReplicateLayout.replicate_layout 985:Src text UUid:a4b83fb8-a7ac-4765-85ba-d0814f11d40c
12-04 23:17:50 com_github_MitjaNemec_ReplicateLayout.replicate_layout 986:Dst text UUid:edac3755-f9e2-460f-a306-e4965f0b1aec
12-04 23:17:50 com_github_MitjaNemec_ReplicateLayout.replicate_layout 985:Src text UUid:73dd40a4-ffb8-4cd2-aa32-756da6ce6c24
12-04 23:17:50 com_github_MitjaNemec_ReplicateLayout.replicate_layout 986:Dst text UUid:6ece7472-b446-479f-865c-62f8aa90e7f8
12-04 23:17:50 com_github_MitjaNemec_ReplicateLayout.replicate_layout 985:Src text UUid:9d0de8e7-85f0-446d-aa4e-bb292b4ac1b0
12-04 23:17:50 com_github_MitjaNemec_ReplicateLayout.replicate_layout 986:Dst text UUid:9ffb52cf-9480-4187-8073-69dfdcf68b15
12-04 23:17:50 com_github_MitjaNemec_ReplicateLayout.replicate_layout 868:Replicating footprints on sheet ['AnodeGateDrive10']
12-04 23:17:50 com_github_MitjaNemec_ReplicateLayout.replicate_layout 985:Src text UUid:eff6395c-796d-41b3-8eb6-faac87cf7795
12-04 23:17:50 com_github_MitjaNemec_ReplicateLayout.replicate_layout 986:Dst text UUid:97454027-4e9f-49b1-a002-8f9943ce3067
12-04 23:17:50 com_github_MitjaNemec_ReplicateLayout.replicate_layout 985:Src text UUid:7eecb5de-067f-4fbb-9c5c-c80e537829d5
12-04 23:17:50 com_github_MitjaNemec_ReplicateLayout.replicate_layout 986:Dst text UUid:c41dbc4b-066b-4d10-9e5f-2b4aca2f8f2b
12-04 23:17:50 com_github_MitjaNemec_ReplicateLayout.replicate_layout 985:Src text UUid:d3442371-9fa4-438e-bee6-3f715f23cde9
12-04 23:17:50 com_github_MitjaNemec_ReplicateLayout.replicate_layout 986:Dst text UUid:2e41c8d2-aae7-4fef-86f9-3e53aab047ce
12-04 23:17:50 com_github_MitjaNemec_ReplicateLayout.replicate_layout 985:Src text UUid:bbe554c6-1900-4610-92c0-9a7c043f24ad
12-04 23:17:50 com_github_MitjaNemec_ReplicateLayout.replicate_layout 986:Dst text UUid:736ca079-7a58-4a44-a10b-5f4923164644
12-04 23:17:50 com_github_MitjaNemec_ReplicateLayout.replicate_layout 985:Src text UUid:7e182bfd-96dd-4ff2-996d-87fb70512d4a
12-04 23:17:50 com_github_MitjaNemec_ReplicateLayout.replicate_layout 986:Dst text UUid:bf0f3c75-0a20-4d5a-bc62-cfecf55bb62d
12-04 23:17:50 com_github_MitjaNemec_ReplicateLayout.replicate_layout 985:Src text UUid:97f1b8b5-fa4e-4d8c-a3e9-4b23d7ab8b8f
12-04 23:17:50 com_github_MitjaNemec_ReplicateLayout.replicate_layout 986:Dst text UUid:64ffc36e-a65d-4bb7-8f0b-3a348f2fa85a
12-04 23:17:50 com_github_MitjaNemec_ReplicateLayout.replicate_layout 985:Src text UUid:a4b83fb8-a7ac-4765-85ba-d0814f11d40c
12-04 23:17:50 com_github_MitjaNemec_ReplicateLayout.replicate_layout 986:Dst text UUid:868edd86-97f5-4be8-bd55-2ca35564af8a
12-04 23:17:50 com_github_MitjaNemec_ReplicateLayout.replicate_layout 985:Src text UUid:73dd40a4-ffb8-4cd2-aa32-756da6ce6c24
12-04 23:17:50 com_github_MitjaNemec_ReplicateLayout.replicate_layout 986:Dst text UUid:d83c9dc1-1a07-4d84-b82c-83fdaf5ffff1
12-04 23:17:50 com_github_MitjaNemec_ReplicateLayout.replicate_layout 985:Src text UUid:9d0de8e7-85f0-446d-aa4e-bb292b4ac1b0
12-04 23:17:50 com_github_MitjaNemec_ReplicateLayout.replicate_layout 986:Dst text UUid:2a32d075-84cd-40d1-b8da-c37b3579fbdb
12-04 23:17:50 com_github_MitjaNemec_ReplicateLayout.replicate_layout 868:Replicating footprints on sheet ['AnodeGateDrive11']
12-04 23:17:50 com_github_MitjaNemec_ReplicateLayout.replicate_layout 985:Src text UUid:eff6395c-796d-41b3-8eb6-faac87cf7795
12-04 23:17:50 com_github_MitjaNemec_ReplicateLayout.replicate_layout 986:Dst text UUid:3b216a2b-1ba9-435a-a7f4-50ed41e544e2
12-04 23:17:50 com_github_MitjaNemec_ReplicateLayout.replicate_layout 985:Src text UUid:7eecb5de-067f-4fbb-9c5c-c80e537829d5
12-04 23:17:50 com_github_MitjaNemec_ReplicateLayout.replicate_layout 986:Dst text UUid:6a340186-3e33-4c7a-8998-238e3580c8e9
12-04 23:17:50 com_github_MitjaNemec_ReplicateLayout.replicate_layout 985:Src text UUid:d3442371-9fa4-438e-bee6-3f715f23cde9
12-04 23:17:50 com_github_MitjaNemec_ReplicateLayout.replicate_layout 986:Dst text UUid:6da7893e-112c-4681-902b-33b6e3e146f7
12-04 23:17:50 com_github_MitjaNemec_ReplicateLayout.replicate_layout 985:Src text UUid:bbe554c6-1900-4610-92c0-9a7c043f24ad
12-04 23:17:50 com_github_MitjaNemec_ReplicateLayout.replicate_layout 986:Dst text UUid:7adb9f81-7571-4f0b-8382-e8dc2993b7aa
12-04 23:17:50 com_github_MitjaNemec_ReplicateLayout.replicate_layout 985:Src text UUid:7e182bfd-96dd-4ff2-996d-87fb70512d4a
12-04 23:17:50 com_github_MitjaNemec_ReplicateLayout.replicate_layout 986:Dst text UUid:985173d6-f8cf-4d3c-ab6c-66889a060200
12-04 23:17:50 com_github_MitjaNemec_ReplicateLayout.replicate_layout 985:Src text UUid:97f1b8b5-fa4e-4d8c-a3e9-4b23d7ab8b8f
12-04 23:17:50 com_github_MitjaNemec_ReplicateLayout.replicate_layout 986:Dst text UUid:b25e20a7-2439-4eed-8a82-c5a0ecd49341
12-04 23:17:50 com_github_MitjaNemec_ReplicateLayout.replicate_layout 985:Src text UUid:a4b83fb8-a7ac-4765-85ba-d0814f11d40c
12-04 23:17:50 com_github_MitjaNemec_ReplicateLayout.replicate_layout 986:Dst text UUid:686e95b8-9eb8-4803-ae76-5dc1b84e3c60
12-04 23:17:50 com_github_MitjaNemec_ReplicateLayout.replicate_layout 985:Src text UUid:73dd40a4-ffb8-4cd2-aa32-756da6ce6c24
12-04 23:17:50 com_github_MitjaNemec_ReplicateLayout.replicate_layout 986:Dst text UUid:c1b52e63-f0af-4936-8d0a-e4480dae2d5e
12-04 23:17:50 com_github_MitjaNemec_ReplicateLayout.replicate_layout 985:Src text UUid:9d0de8e7-85f0-446d-aa4e-bb292b4ac1b0
12-04 23:17:50 com_github_MitjaNemec_ReplicateLayout.replicate_layout 986:Dst text UUid:4c6244ea-a1ae-42f3-9373-ca93e9ad564a
12-04 23:17:50 root 337:updating GUI with: 15
12-04 23:17:50 com_github_MitjaNemec_ReplicateLayout.replicate_layout 868:Replicating footprints on sheet ['AnodeGateDrive12']
12-04 23:17:50 com_github_MitjaNemec_ReplicateLayout.replicate_layout 985:Src text UUid:eff6395c-796d-41b3-8eb6-faac87cf7795
12-04 23:17:50 com_github_MitjaNemec_ReplicateLayout.replicate_layout 986:Dst text UUid:5c0be967-0b27-4354-92bd-cb212f3c75e6
12-04 23:17:50 com_github_MitjaNemec_ReplicateLayout.replicate_layout 985:Src text UUid:7eecb5de-067f-4fbb-9c5c-c80e537829d5
12-04 23:17:50 com_github_MitjaNemec_ReplicateLayout.replicate_layout 986:Dst text UUid:10746853-51f3-4ee3-aed2-444f0a57238c
12-04 23:17:50 com_github_MitjaNemec_ReplicateLayout.replicate_layout 985:Src text UUid:d3442371-9fa4-438e-bee6-3f715f23cde9
12-04 23:17:50 com_github_MitjaNemec_ReplicateLayout.replicate_layout 986:Dst text UUid:87eaa730-e820-4bef-bcaf-3fe49839c553
12-04 23:17:50 com_github_MitjaNemec_ReplicateLayout.replicate_layout 985:Src text UUid:bbe554c6-1900-4610-92c0-9a7c043f24ad
12-04 23:17:50 com_github_MitjaNemec_ReplicateLayout.replicate_layout 986:Dst text UUid:1052e106-5460-4033-bf99-8cc3c6b03bf4
12-04 23:17:50 com_github_MitjaNemec_ReplicateLayout.replicate_layout 985:Src text UUid:7e182bfd-96dd-4ff2-996d-87fb70512d4a
12-04 23:17:50 com_github_MitjaNemec_ReplicateLayout.replicate_layout 986:Dst text UUid:f0139c53-0a37-4322-af0a-40d5a4427e14
12-04 23:17:50 com_github_MitjaNemec_ReplicateLayout.replicate_layout 985:Src text UUid:97f1b8b5-fa4e-4d8c-a3e9-4b23d7ab8b8f
12-04 23:17:50 com_github_MitjaNemec_ReplicateLayout.replicate_layout 986:Dst text UUid:ab2f9688-815f-4c2c-9aba-930a6130ea95
12-04 23:17:50 com_github_MitjaNemec_ReplicateLayout.replicate_layout 985:Src text UUid:a4b83fb8-a7ac-4765-85ba-d0814f11d40c
12-04 23:17:50 com_github_MitjaNemec_ReplicateLayout.replicate_layout 986:Dst text UUid:f320d33f-2dd6-4762-a0c1-82456854186c
12-04 23:17:50 com_github_MitjaNemec_ReplicateLayout.replicate_layout 985:Src text UUid:73dd40a4-ffb8-4cd2-aa32-756da6ce6c24
12-04 23:17:50 com_github_MitjaNemec_ReplicateLayout.replicate_layout 986:Dst text UUid:8c6ca3ad-1cce-4bd2-b9a6-9626beb7b20f
12-04 23:17:50 com_github_MitjaNemec_ReplicateLayout.replicate_layout 985:Src text UUid:9d0de8e7-85f0-446d-aa4e-bb292b4ac1b0
12-04 23:17:50 com_github_MitjaNemec_ReplicateLayout.replicate_layout 986:Dst text UUid:c6765e4b-6256-4235-b788-9724abc5d352
12-04 23:17:50 com_github_MitjaNemec_ReplicateLayout.replicate_layout 868:Replicating footprints on sheet ['AnodeGateDrive13']
12-04 23:17:50 com_github_MitjaNemec_ReplicateLayout.replicate_layout 985:Src text UUid:eff6395c-796d-41b3-8eb6-faac87cf7795
12-04 23:17:50 com_github_MitjaNemec_ReplicateLayout.replicate_layout 986:Dst text UUid:7d7aea91-f922-4f48-af02-4a24762e294f
12-04 23:17:50 com_github_MitjaNemec_ReplicateLayout.replicate_layout 985:Src text UUid:7eecb5de-067f-4fbb-9c5c-c80e537829d5
12-04 23:17:50 com_github_MitjaNemec_ReplicateLayout.replicate_layout 986:Dst text UUid:45d9e41b-e745-4fbe-95a3-159d50d21967
12-04 23:17:50 com_github_MitjaNemec_ReplicateLayout.replicate_layout 985:Src text UUid:d3442371-9fa4-438e-bee6-3f715f23cde9
12-04 23:17:50 com_github_MitjaNemec_ReplicateLayout.replicate_layout 986:Dst text UUid:be28f3b8-62f1-4a59-9a31-8a2dcedc00a2
12-04 23:17:50 com_github_MitjaNemec_ReplicateLayout.replicate_layout 985:Src text UUid:bbe554c6-1900-4610-92c0-9a7c043f24ad
12-04 23:17:50 com_github_MitjaNemec_ReplicateLayout.replicate_layout 986:Dst text UUid:ac893d0d-8fa4-4c9d-828a-153b0beb215c
12-04 23:17:50 com_github_MitjaNemec_ReplicateLayout.replicate_layout 985:Src text UUid:7e182bfd-96dd-4ff2-996d-87fb70512d4a
12-04 23:17:50 com_github_MitjaNemec_ReplicateLayout.replicate_layout 986:Dst text UUid:fd47f754-b233-478e-9a71-eb495f133048
12-04 23:17:50 com_github_MitjaNemec_ReplicateLayout.replicate_layout 985:Src text UUid:97f1b8b5-fa4e-4d8c-a3e9-4b23d7ab8b8f
12-04 23:17:50 com_github_MitjaNemec_ReplicateLayout.replicate_layout 986:Dst text UUid:99dad69e-1c27-45cd-b7f1-78eaf441dec9
12-04 23:17:50 com_github_MitjaNemec_ReplicateLayout.replicate_layout 985:Src text UUid:a4b83fb8-a7ac-4765-85ba-d0814f11d40c
12-04 23:17:50 com_github_MitjaNemec_ReplicateLayout.replicate_layout 986:Dst text UUid:6a03d13c-678f-48f5-9668-99686c0e20c1
12-04 23:17:50 com_github_MitjaNemec_ReplicateLayout.replicate_layout 985:Src text UUid:73dd40a4-ffb8-4cd2-aa32-756da6ce6c24
12-04 23:17:50 com_github_MitjaNemec_ReplicateLayout.replicate_layout 986:Dst text UUid:6c9a1b18-f54a-45e1-9647-97c358cb671c
12-04 23:17:50 com_github_MitjaNemec_ReplicateLayout.replicate_layout 985:Src text UUid:9d0de8e7-85f0-446d-aa4e-bb292b4ac1b0
12-04 23:17:50 com_github_MitjaNemec_ReplicateLayout.replicate_layout 986:Dst text UUid:29a13910-5e0a-4c83-b5d3-b347ec3b168d
12-04 23:17:50 com_github_MitjaNemec_ReplicateLayout.replicate_layout 868:Replicating footprints on sheet ['AnodeGateDrive14']
12-04 23:17:50 com_github_MitjaNemec_ReplicateLayout.replicate_layout 985:Src text UUid:eff6395c-796d-41b3-8eb6-faac87cf7795
12-04 23:17:50 com_github_MitjaNemec_ReplicateLayout.replicate_layout 986:Dst text UUid:e8683eb0-e94a-47c3-a713-290af5c091dc
12-04 23:17:50 com_github_MitjaNemec_ReplicateLayout.replicate_layout 985:Src text UUid:7eecb5de-067f-4fbb-9c5c-c80e537829d5
12-04 23:17:50 com_github_MitjaNemec_ReplicateLayout.replicate_layout 986:Dst text UUid:b0a53488-fec8-4f58-b67c-fe6806fd9431
12-04 23:17:50 com_github_MitjaNemec_ReplicateLayout.replicate_layout 985:Src text UUid:d3442371-9fa4-438e-bee6-3f715f23cde9
12-04 23:17:50 com_github_MitjaNemec_ReplicateLayout.replicate_layout 986:Dst text UUid:825d8b96-1521-4dfd-a923-aab19b5fc269
12-04 23:17:50 com_github_MitjaNemec_ReplicateLayout.replicate_layout 985:Src text UUid:bbe554c6-1900-4610-92c0-9a7c043f24ad
12-04 23:17:50 com_github_MitjaNemec_ReplicateLayout.replicate_layout 986:Dst text UUid:e870e1dc-b513-4b2c-b6b5-b15b7a7276c4
12-04 23:17:50 com_github_MitjaNemec_ReplicateLayout.replicate_layout 985:Src text UUid:7e182bfd-96dd-4ff2-996d-87fb70512d4a
12-04 23:17:50 com_github_MitjaNemec_ReplicateLayout.replicate_layout 986:Dst text UUid:0e73d22b-6684-4055-96a1-0debfb027607
12-04 23:17:50 com_github_MitjaNemec_ReplicateLayout.replicate_layout 985:Src text UUid:97f1b8b5-fa4e-4d8c-a3e9-4b23d7ab8b8f
12-04 23:17:50 com_github_MitjaNemec_ReplicateLayout.replicate_layout 986:Dst text UUid:d79a50f8-f172-41d2-9099-90dd19c2ee3e
12-04 23:17:50 com_github_MitjaNemec_ReplicateLayout.replicate_layout 985:Src text UUid:a4b83fb8-a7ac-4765-85ba-d0814f11d40c
12-04 23:17:50 com_github_MitjaNemec_ReplicateLayout.replicate_layout 986:Dst text UUid:b3a6398e-b484-4868-b6b0-a33f70aa0360
12-04 23:17:50 com_github_MitjaNemec_ReplicateLayout.replicate_layout 985:Src text UUid:73dd40a4-ffb8-4cd2-aa32-756da6ce6c24
12-04 23:17:50 com_github_MitjaNemec_ReplicateLayout.replicate_layout 986:Dst text UUid:da3ddb0e-9860-4675-80ef-b210662249ab
12-04 23:17:50 com_github_MitjaNemec_ReplicateLayout.replicate_layout 985:Src text UUid:9d0de8e7-85f0-446d-aa4e-bb292b4ac1b0
12-04 23:17:50 com_github_MitjaNemec_ReplicateLayout.replicate_layout 986:Dst text UUid:d71945b3-5825-4da9-8a52-c927606e4833
12-04 23:17:50 com_github_MitjaNemec_ReplicateLayout.replicate_layout 868:Replicating footprints on sheet ['AnodeGateDrive15']
12-04 23:17:50 com_github_MitjaNemec_ReplicateLayout.replicate_layout 985:Src text UUid:eff6395c-796d-41b3-8eb6-faac87cf7795
12-04 23:17:50 com_github_MitjaNemec_ReplicateLayout.replicate_layout 986:Dst text UUid:c6d76cc4-bf98-4501-b691-3f713872359b
12-04 23:17:50 com_github_MitjaNemec_ReplicateLayout.replicate_layout 985:Src text UUid:7eecb5de-067f-4fbb-9c5c-c80e537829d5
12-04 23:17:50 com_github_MitjaNemec_ReplicateLayout.replicate_layout 986:Dst text UUid:ee02a6f2-650a-49c4-a6d4-852e9b82581b
12-04 23:17:50 com_github_MitjaNemec_ReplicateLayout.replicate_layout 985:Src text UUid:d3442371-9fa4-438e-bee6-3f715f23cde9
12-04 23:17:50 com_github_MitjaNemec_ReplicateLayout.replicate_layout 986:Dst text UUid:a24563cc-2c8b-46a7-9291-11dbd3a3f749
12-04 23:17:50 com_github_MitjaNemec_ReplicateLayout.replicate_layout 985:Src text UUid:bbe554c6-1900-4610-92c0-9a7c043f24ad
12-04 23:17:50 com_github_MitjaNemec_ReplicateLayout.replicate_layout 986:Dst text UUid:664fc704-ff81-4823-bd13-f50b15269b7d
12-04 23:17:50 com_github_MitjaNemec_ReplicateLayout.replicate_layout 985:Src text UUid:7e182bfd-96dd-4ff2-996d-87fb70512d4a
12-04 23:17:50 com_github_MitjaNemec_ReplicateLayout.replicate_layout 986:Dst text UUid:b7aed2fe-854e-4f32-81ed-63fa52e97078
12-04 23:17:50 com_github_MitjaNemec_ReplicateLayout.replicate_layout 985:Src text UUid:97f1b8b5-fa4e-4d8c-a3e9-4b23d7ab8b8f
12-04 23:17:50 com_github_MitjaNemec_ReplicateLayout.replicate_layout 986:Dst text UUid:d765dc99-ed7e-4baa-a721-9cc32bcaa89d
12-04 23:17:50 com_github_MitjaNemec_ReplicateLayout.replicate_layout 985:Src text UUid:a4b83fb8-a7ac-4765-85ba-d0814f11d40c
12-04 23:17:50 com_github_MitjaNemec_ReplicateLayout.replicate_layout 986:Dst text UUid:abecb564-33d9-4fb0-b3ed-980c4c084d0c
12-04 23:17:50 com_github_MitjaNemec_ReplicateLayout.replicate_layout 985:Src text UUid:73dd40a4-ffb8-4cd2-aa32-756da6ce6c24
12-04 23:17:50 com_github_MitjaNemec_ReplicateLayout.replicate_layout 986:Dst text UUid:4c65b576-1b16-4719-96f6-31937330be23
12-04 23:17:50 com_github_MitjaNemec_ReplicateLayout.replicate_layout 985:Src text UUid:9d0de8e7-85f0-446d-aa4e-bb292b4ac1b0
12-04 23:17:50 com_github_MitjaNemec_ReplicateLayout.replicate_layout 986:Dst text UUid:76226621-4fb7-4947-ab9b-eb9d5176d141
12-04 23:17:50 com_github_MitjaNemec_ReplicateLayout.replicate_layout 868:Replicating footprints on sheet ['AnodeGateDrive16']
12-04 23:17:50 com_github_MitjaNemec_ReplicateLayout.replicate_layout 985:Src text UUid:eff6395c-796d-41b3-8eb6-faac87cf7795
12-04 23:17:50 com_github_MitjaNemec_ReplicateLayout.replicate_layout 986:Dst text UUid:cec909d2-8162-4707-ba9d-f4492b49036b
12-04 23:17:50 com_github_MitjaNemec_ReplicateLayout.replicate_layout 985:Src text UUid:7eecb5de-067f-4fbb-9c5c-c80e537829d5
12-04 23:17:50 com_github_MitjaNemec_ReplicateLayout.replicate_layout 986:Dst text UUid:1377e80b-b49d-437d-aacf-ebaeae5825e6
12-04 23:17:50 com_github_MitjaNemec_ReplicateLayout.replicate_layout 985:Src text UUid:d3442371-9fa4-438e-bee6-3f715f23cde9
12-04 23:17:50 com_github_MitjaNemec_ReplicateLayout.replicate_layout 986:Dst text UUid:2b02c1db-2d8c-43f2-8e6e-5a1cd8e9b2e4
12-04 23:17:50 com_github_MitjaNemec_ReplicateLayout.replicate_layout 985:Src text UUid:bbe554c6-1900-4610-92c0-9a7c043f24ad
12-04 23:17:50 com_github_MitjaNemec_ReplicateLayout.replicate_layout 986:Dst text UUid:87af9aa5-9811-49aa-8917-e37736b7928d
12-04 23:17:50 com_github_MitjaNemec_ReplicateLayout.replicate_layout 985:Src text UUid:7e182bfd-96dd-4ff2-996d-87fb70512d4a
12-04 23:17:50 com_github_MitjaNemec_ReplicateLayout.replicate_layout 986:Dst text UUid:fef7f833-bd80-4b87-b881-53ec3d4d2a17
12-04 23:17:50 com_github_MitjaNemec_ReplicateLayout.replicate_layout 985:Src text UUid:97f1b8b5-fa4e-4d8c-a3e9-4b23d7ab8b8f
12-04 23:17:50 com_github_MitjaNemec_ReplicateLayout.replicate_layout 986:Dst text UUid:6e1ec0f9-2409-4715-a701-54358684b742
12-04 23:17:50 com_github_MitjaNemec_ReplicateLayout.replicate_layout 985:Src text UUid:a4b83fb8-a7ac-4765-85ba-d0814f11d40c
12-04 23:17:50 com_github_MitjaNemec_ReplicateLayout.replicate_layout 986:Dst text UUid:1cf1f47c-d971-4d1b-9005-072a1ce55c86
12-04 23:17:50 com_github_MitjaNemec_ReplicateLayout.replicate_layout 985:Src text UUid:73dd40a4-ffb8-4cd2-aa32-756da6ce6c24
12-04 23:17:50 com_github_MitjaNemec_ReplicateLayout.replicate_layout 986:Dst text UUid:dc56b4af-f66e-47e1-bfab-1035aa06e62b
12-04 23:17:50 com_github_MitjaNemec_ReplicateLayout.replicate_layout 985:Src text UUid:9d0de8e7-85f0-446d-aa4e-bb292b4ac1b0
12-04 23:17:50 com_github_MitjaNemec_ReplicateLayout.replicate_layout 986:Dst text UUid:1001e2b8-2025-451a-b60d-8ea6fa221085
12-04 23:17:50 com_github_MitjaNemec_ReplicateLayout.replicate_layout 868:Replicating footprints on sheet ['AnodeGateDrive17']
12-04 23:17:50 com_github_MitjaNemec_ReplicateLayout.replicate_layout 985:Src text UUid:eff6395c-796d-41b3-8eb6-faac87cf7795
12-04 23:17:50 com_github_MitjaNemec_ReplicateLayout.replicate_layout 986:Dst text UUid:17a9c7b0-fc18-4155-b8b1-c2d783f9bd80
12-04 23:17:50 com_github_MitjaNemec_ReplicateLayout.replicate_layout 985:Src text UUid:7eecb5de-067f-4fbb-9c5c-c80e537829d5
12-04 23:17:50 com_github_MitjaNemec_ReplicateLayout.replicate_layout 986:Dst text UUid:cc7f2478-19cb-4e78-a0f3-7e066ecc9717
12-04 23:17:50 com_github_MitjaNemec_ReplicateLayout.replicate_layout 985:Src text UUid:d3442371-9fa4-438e-bee6-3f715f23cde9
12-04 23:17:50 com_github_MitjaNemec_ReplicateLayout.replicate_layout 986:Dst text UUid:41ea9c7b-142d-4ffa-9c56-d7e15c8178a6
12-04 23:17:50 com_github_MitjaNemec_ReplicateLayout.replicate_layout 985:Src text UUid:bbe554c6-1900-4610-92c0-9a7c043f24ad
12-04 23:17:50 com_github_MitjaNemec_ReplicateLayout.replicate_layout 986:Dst text UUid:0c057598-4719-4630-8259-a77dd382df84
12-04 23:17:50 com_github_MitjaNemec_ReplicateLayout.replicate_layout 985:Src text UUid:7e182bfd-96dd-4ff2-996d-87fb70512d4a
12-04 23:17:50 com_github_MitjaNemec_ReplicateLayout.replicate_layout 986:Dst text UUid:f2d5aa97-2287-4f6b-bcba-8f1f3490ac97
12-04 23:17:50 com_github_MitjaNemec_ReplicateLayout.replicate_layout 985:Src text UUid:97f1b8b5-fa4e-4d8c-a3e9-4b23d7ab8b8f
12-04 23:17:50 com_github_MitjaNemec_ReplicateLayout.replicate_layout 986:Dst text UUid:bb0d1a2d-ff0d-4538-a289-e62ed93336f9
12-04 23:17:50 com_github_MitjaNemec_ReplicateLayout.replicate_layout 985:Src text UUid:a4b83fb8-a7ac-4765-85ba-d0814f11d40c
12-04 23:17:50 com_github_MitjaNemec_ReplicateLayout.replicate_layout 986:Dst text UUid:c325b30c-01fd-4ebb-8519-08585db41731
12-04 23:17:50 com_github_MitjaNemec_ReplicateLayout.replicate_layout 985:Src text UUid:73dd40a4-ffb8-4cd2-aa32-756da6ce6c24
12-04 23:17:50 com_github_MitjaNemec_ReplicateLayout.replicate_layout 986:Dst text UUid:c7732219-b4b1-4551-83ba-f12825e0c7e2
12-04 23:17:50 com_github_MitjaNemec_ReplicateLayout.replicate_layout 985:Src text UUid:9d0de8e7-85f0-446d-aa4e-bb292b4ac1b0
12-04 23:17:50 com_github_MitjaNemec_ReplicateLayout.replicate_layout 986:Dst text UUid:2b323113-3b40-45bb-89a3-47b8bbea754f
12-04 23:17:50 com_github_MitjaNemec_ReplicateLayout.replicate_layout 868:Replicating footprints on sheet ['AnodeGateDrive18']
12-04 23:17:50 com_github_MitjaNemec_ReplicateLayout.replicate_layout 985:Src text UUid:eff6395c-796d-41b3-8eb6-faac87cf7795
12-04 23:17:50 com_github_MitjaNemec_ReplicateLayout.replicate_layout 986:Dst text UUid:9cce1654-4e0e-4620-acb2-ee758abdf16a
12-04 23:17:50 com_github_MitjaNemec_ReplicateLayout.replicate_layout 985:Src text UUid:7eecb5de-067f-4fbb-9c5c-c80e537829d5
12-04 23:17:50 com_github_MitjaNemec_ReplicateLayout.replicate_layout 986:Dst text UUid:2202862a-9252-4650-a05d-a819b86898b4
12-04 23:17:50 com_github_MitjaNemec_ReplicateLayout.replicate_layout 985:Src text UUid:d3442371-9fa4-438e-bee6-3f715f23cde9
12-04 23:17:50 com_github_MitjaNemec_ReplicateLayout.replicate_layout 986:Dst text UUid:e9292a16-8650-4a6a-91bf-fa9066e32e10
12-04 23:17:50 root 337:updating GUI with: 50
12-04 23:17:50 com_github_MitjaNemec_ReplicateLayout.replicate_layout 985:Src text UUid:bbe554c6-1900-4610-92c0-9a7c043f24ad
12-04 23:17:50 com_github_MitjaNemec_ReplicateLayout.replicate_layout 986:Dst text UUid:de7fcc07-e808-4042-beb8-41ed61d21061
12-04 23:17:50 com_github_MitjaNemec_ReplicateLayout.replicate_layout 985:Src text UUid:7e182bfd-96dd-4ff2-996d-87fb70512d4a
12-04 23:17:50 com_github_MitjaNemec_ReplicateLayout.replicate_layout 986:Dst text UUid:58f0f2d7-bc7c-43f0-b773-b363dad800aa
12-04 23:17:50 com_github_MitjaNemec_ReplicateLayout.replicate_layout 985:Src text UUid:97f1b8b5-fa4e-4d8c-a3e9-4b23d7ab8b8f
12-04 23:17:50 com_github_MitjaNemec_ReplicateLayout.replicate_layout 986:Dst text UUid:9a055058-6e97-4dfb-b236-bbcd5f6c086e
12-04 23:17:50 com_github_MitjaNemec_ReplicateLayout.replicate_layout 985:Src text UUid:a4b83fb8-a7ac-4765-85ba-d0814f11d40c
12-04 23:17:50 com_github_MitjaNemec_ReplicateLayout.replicate_layout 986:Dst text UUid:1748ceb9-2f2b-47c2-889a-dd2fd3ae49e7
12-04 23:17:50 com_github_MitjaNemec_ReplicateLayout.replicate_layout 985:Src text UUid:73dd40a4-ffb8-4cd2-aa32-756da6ce6c24
12-04 23:17:50 com_github_MitjaNemec_ReplicateLayout.replicate_layout 986:Dst text UUid:7a838164-d43e-4d34-85b0-472c4686c73d
12-04 23:17:50 com_github_MitjaNemec_ReplicateLayout.replicate_layout 985:Src text UUid:9d0de8e7-85f0-446d-aa4e-bb292b4ac1b0
12-04 23:17:50 com_github_MitjaNemec_ReplicateLayout.replicate_layout 986:Dst text UUid:38cb2f08-e5a6-496f-b50c-0b587ecc3fce
12-04 23:17:50 com_github_MitjaNemec_ReplicateLayout.replicate_layout 868:Replicating footprints on sheet ['AnodeGateDrive19']
12-04 23:17:50 com_github_MitjaNemec_ReplicateLayout.replicate_layout 985:Src text UUid:eff6395c-796d-41b3-8eb6-faac87cf7795
12-04 23:17:50 com_github_MitjaNemec_ReplicateLayout.replicate_layout 986:Dst text UUid:dc48ed10-5d63-46ac-8b74-911151cb5c20
12-04 23:17:50 com_github_MitjaNemec_ReplicateLayout.replicate_layout 985:Src text UUid:7eecb5de-067f-4fbb-9c5c-c80e537829d5
12-04 23:17:50 com_github_MitjaNemec_ReplicateLayout.replicate_layout 986:Dst text UUid:09273846-1506-47a0-9875-8c8f1bba0425
12-04 23:17:50 com_github_MitjaNemec_ReplicateLayout.replicate_layout 985:Src text UUid:d3442371-9fa4-438e-bee6-3f715f23cde9
12-04 23:17:50 com_github_MitjaNemec_ReplicateLayout.replicate_layout 986:Dst text UUid:da39569c-5ddf-4597-b43b-70838c16e57e
12-04 23:17:50 com_github_MitjaNemec_ReplicateLayout.replicate_layout 985:Src text UUid:bbe554c6-1900-4610-92c0-9a7c043f24ad
12-04 23:17:50 com_github_MitjaNemec_ReplicateLayout.replicate_layout 986:Dst text UUid:a043bd82-7243-4dc7-a148-51bcbc06f802
12-04 23:17:50 com_github_MitjaNemec_ReplicateLayout.replicate_layout 985:Src text UUid:7e182bfd-96dd-4ff2-996d-87fb70512d4a
12-04 23:17:50 com_github_MitjaNemec_ReplicateLayout.replicate_layout 986:Dst text UUid:2a725fcc-aaae-445b-9566-c8b6b94fd672
12-04 23:17:50 com_github_MitjaNemec_ReplicateLayout.replicate_layout 985:Src text UUid:97f1b8b5-fa4e-4d8c-a3e9-4b23d7ab8b8f
12-04 23:17:50 com_github_MitjaNemec_ReplicateLayout.replicate_layout 986:Dst text UUid:5f053909-f466-46fa-aea8-18249a6d1323
12-04 23:17:50 com_github_MitjaNemec_ReplicateLayout.replicate_layout 985:Src text UUid:a4b83fb8-a7ac-4765-85ba-d0814f11d40c
12-04 23:17:50 com_github_MitjaNemec_ReplicateLayout.replicate_layout 986:Dst text UUid:8b1e7e0a-48c1-49ac-a348-312e0df95edf
12-04 23:17:50 com_github_MitjaNemec_ReplicateLayout.replicate_layout 985:Src text UUid:73dd40a4-ffb8-4cd2-aa32-756da6ce6c24
12-04 23:17:50 com_github_MitjaNemec_ReplicateLayout.replicate_layout 986:Dst text UUid:d46a3bcc-36b8-46c2-83fe-df97a8619dc4
12-04 23:17:50 com_github_MitjaNemec_ReplicateLayout.replicate_layout 985:Src text UUid:9d0de8e7-85f0-446d-aa4e-bb292b4ac1b0
12-04 23:17:50 com_github_MitjaNemec_ReplicateLayout.replicate_layout 986:Dst text UUid:9d580a11-6f2d-4221-a6b4-1e0de6bda1a4
12-04 23:17:50 com_github_MitjaNemec_ReplicateLayout.replicate_layout 868:Replicating footprints on sheet ['AnodeGateDrive2']
12-04 23:17:50 com_github_MitjaNemec_ReplicateLayout.replicate_layout 985:Src text UUid:eff6395c-796d-41b3-8eb6-faac87cf7795
12-04 23:17:50 com_github_MitjaNemec_ReplicateLayout.replicate_layout 986:Dst text UUid:d758af58-4987-4b18-adac-ef75f1113636
12-04 23:17:50 com_github_MitjaNemec_ReplicateLayout.replicate_layout 985:Src text UUid:7eecb5de-067f-4fbb-9c5c-c80e537829d5
12-04 23:17:50 com_github_MitjaNemec_ReplicateLayout.replicate_layout 986:Dst text UUid:2c939bbe-7603-4834-a61f-54713c416db3
12-04 23:17:50 com_github_MitjaNemec_ReplicateLayout.replicate_layout 985:Src text UUid:d3442371-9fa4-438e-bee6-3f715f23cde9
12-04 23:17:50 com_github_MitjaNemec_ReplicateLayout.replicate_layout 986:Dst text UUid:c7672291-2f79-4698-90d5-36f2460b2a22
12-04 23:17:50 com_github_MitjaNemec_ReplicateLayout.replicate_layout 985:Src text UUid:bbe554c6-1900-4610-92c0-9a7c043f24ad
12-04 23:17:50 com_github_MitjaNemec_ReplicateLayout.replicate_layout 986:Dst text UUid:07aca0f7-edc7-4952-b7be-c6d6243f85e9
12-04 23:17:50 com_github_MitjaNemec_ReplicateLayout.replicate_layout 985:Src text UUid:7e182bfd-96dd-4ff2-996d-87fb70512d4a
12-04 23:17:50 com_github_MitjaNemec_ReplicateLayout.replicate_layout 986:Dst text UUid:55978288-e050-454d-8681-437b06869464
12-04 23:17:50 com_github_MitjaNemec_ReplicateLayout.replicate_layout 985:Src text UUid:97f1b8b5-fa4e-4d8c-a3e9-4b23d7ab8b8f
12-04 23:17:50 com_github_MitjaNemec_ReplicateLayout.replicate_layout 986:Dst text UUid:d97194f8-59a3-4a99-87c2-e6b51392b3c1
12-04 23:17:50 com_github_MitjaNemec_ReplicateLayout.replicate_layout 985:Src text UUid:a4b83fb8-a7ac-4765-85ba-d0814f11d40c
12-04 23:17:50 com_github_MitjaNemec_ReplicateLayout.replicate_layout 986:Dst text UUid:73da125f-517e-488a-92f4-dd1fa570263a
12-04 23:17:50 com_github_MitjaNemec_ReplicateLayout.replicate_layout 985:Src text UUid:73dd40a4-ffb8-4cd2-aa32-756da6ce6c24
12-04 23:17:50 com_github_MitjaNemec_ReplicateLayout.replicate_layout 986:Dst text UUid:cd82461c-7fd2-4f5b-b00a-7fb2aa8cd71d
12-04 23:17:50 com_github_MitjaNemec_ReplicateLayout.replicate_layout 985:Src text UUid:9d0de8e7-85f0-446d-aa4e-bb292b4ac1b0
12-04 23:17:50 com_github_MitjaNemec_ReplicateLayout.replicate_layout 986:Dst text UUid:0d8f057f-b8c1-479c-b352-8d546dc6e01b
12-04 23:17:50 com_github_MitjaNemec_ReplicateLayout.replicate_layout 868:Replicating footprints on sheet ['AnodeGateDrive3']
12-04 23:17:50 com_github_MitjaNemec_ReplicateLayout.replicate_layout 985:Src text UUid:eff6395c-796d-41b3-8eb6-faac87cf7795
12-04 23:17:50 com_github_MitjaNemec_ReplicateLayout.replicate_layout 986:Dst text UUid:5ed81e23-abc8-447b-8c70-94b83042e957
12-04 23:17:50 com_github_MitjaNemec_ReplicateLayout.replicate_layout 985:Src text UUid:7eecb5de-067f-4fbb-9c5c-c80e537829d5
12-04 23:17:50 com_github_MitjaNemec_ReplicateLayout.replicate_layout 986:Dst text UUid:b4271eeb-3683-4c67-a867-1d513f22512c
12-04 23:17:50 com_github_MitjaNemec_ReplicateLayout.replicate_layout 985:Src text UUid:d3442371-9fa4-438e-bee6-3f715f23cde9
12-04 23:17:50 com_github_MitjaNemec_ReplicateLayout.replicate_layout 986:Dst text UUid:294ea0ca-04d8-4938-a270-bf74472d29cc
12-04 23:17:50 com_github_MitjaNemec_ReplicateLayout.replicate_layout 985:Src text UUid:bbe554c6-1900-4610-92c0-9a7c043f24ad
12-04 23:17:50 com_github_MitjaNemec_ReplicateLayout.replicate_layout 986:Dst text UUid:0dee31e0-2260-448c-9745-a895ac0d5eb2
12-04 23:17:50 com_github_MitjaNemec_ReplicateLayout.replicate_layout 985:Src text UUid:7e182bfd-96dd-4ff2-996d-87fb70512d4a
12-04 23:17:50 com_github_MitjaNemec_ReplicateLayout.replicate_layout 986:Dst text UUid:b2feffc1-a97f-4c2a-803a-87e30ee41b50
12-04 23:17:50 com_github_MitjaNemec_ReplicateLayout.replicate_layout 985:Src text UUid:97f1b8b5-fa4e-4d8c-a3e9-4b23d7ab8b8f
12-04 23:17:50 com_github_MitjaNemec_ReplicateLayout.replicate_layout 986:Dst text UUid:794791f2-1a0a-4713-9b69-340f0c36c5be
12-04 23:17:50 com_github_MitjaNemec_ReplicateLayout.replicate_layout 985:Src text UUid:a4b83fb8-a7ac-4765-85ba-d0814f11d40c
12-04 23:17:50 com_github_MitjaNemec_ReplicateLayout.replicate_layout 986:Dst text UUid:75e9600e-b134-4135-9de6-5fedcb92206f
12-04 23:17:50 com_github_MitjaNemec_ReplicateLayout.replicate_layout 985:Src text UUid:73dd40a4-ffb8-4cd2-aa32-756da6ce6c24
12-04 23:17:50 com_github_MitjaNemec_ReplicateLayout.replicate_layout 986:Dst text UUid:3a995976-520f-41ea-a7d7-69ee32e09023
12-04 23:17:50 com_github_MitjaNemec_ReplicateLayout.replicate_layout 985:Src text UUid:9d0de8e7-85f0-446d-aa4e-bb292b4ac1b0
12-04 23:17:50 com_github_MitjaNemec_ReplicateLayout.replicate_layout 986:Dst text UUid:57286f10-8f25-4136-b5ba-e6b6bf97e3e1
12-04 23:17:50 com_github_MitjaNemec_ReplicateLayout.replicate_layout 868:Replicating footprints on sheet ['AnodeGateDrive4']
12-04 23:17:50 com_github_MitjaNemec_ReplicateLayout.replicate_layout 985:Src text UUid:eff6395c-796d-41b3-8eb6-faac87cf7795
12-04 23:17:50 com_github_MitjaNemec_ReplicateLayout.replicate_layout 986:Dst text UUid:c7416028-b4a3-470b-98df-3b0a5484370d
12-04 23:17:50 com_github_MitjaNemec_ReplicateLayout.replicate_layout 985:Src text UUid:7eecb5de-067f-4fbb-9c5c-c80e537829d5
12-04 23:17:50 com_github_MitjaNemec_ReplicateLayout.replicate_layout 986:Dst text UUid:e82a04f2-5100-40f5-bb72-6b2938a5e1ff
12-04 23:17:50 com_github_MitjaNemec_ReplicateLayout.replicate_layout 985:Src text UUid:d3442371-9fa4-438e-bee6-3f715f23cde9
12-04 23:17:50 com_github_MitjaNemec_ReplicateLayout.replicate_layout 986:Dst text UUid:4f504cfc-7fca-4dfd-90ef-5f8772ca3468
12-04 23:17:50 com_github_MitjaNemec_ReplicateLayout.replicate_layout 985:Src text UUid:bbe554c6-1900-4610-92c0-9a7c043f24ad
12-04 23:17:50 com_github_MitjaNemec_ReplicateLayout.replicate_layout 986:Dst text UUid:6916068d-be88-4ccc-a13c-5a46c12453a4
12-04 23:17:50 com_github_MitjaNemec_ReplicateLayout.replicate_layout 985:Src text UUid:7e182bfd-96dd-4ff2-996d-87fb70512d4a
12-04 23:17:50 com_github_MitjaNemec_ReplicateLayout.replicate_layout 986:Dst text UUid:b574f6e4-c41c-48fe-8e62-c4f0509bbbcd
12-04 23:17:50 com_github_MitjaNemec_ReplicateLayout.replicate_layout 985:Src text UUid:97f1b8b5-fa4e-4d8c-a3e9-4b23d7ab8b8f
12-04 23:17:50 com_github_MitjaNemec_ReplicateLayout.replicate_layout 986:Dst text UUid:43121f98-bd8f-4f9a-b30a-d690e0e7ddc8
12-04 23:17:50 com_github_MitjaNemec_ReplicateLayout.replicate_layout 985:Src text UUid:a4b83fb8-a7ac-4765-85ba-d0814f11d40c
12-04 23:17:50 com_github_MitjaNemec_ReplicateLayout.replicate_layout 986:Dst text UUid:e1de1be5-5e1a-40af-a19c-3e7b13ca87f1
12-04 23:17:50 com_github_MitjaNemec_ReplicateLayout.replicate_layout 985:Src text UUid:73dd40a4-ffb8-4cd2-aa32-756da6ce6c24
12-04 23:17:50 com_github_MitjaNemec_ReplicateLayout.replicate_layout 986:Dst text UUid:360667d7-47f7-4dcd-bd6d-2a30eb3356c5
12-04 23:17:50 com_github_MitjaNemec_ReplicateLayout.replicate_layout 985:Src text UUid:9d0de8e7-85f0-446d-aa4e-bb292b4ac1b0
12-04 23:17:50 com_github_MitjaNemec_ReplicateLayout.replicate_layout 986:Dst text UUid:04098e71-e7fd-4a1f-b6e6-0d2986cb1c06
12-04 23:17:50 com_github_MitjaNemec_ReplicateLayout.replicate_layout 868:Replicating footprints on sheet ['AnodeGateDrive5']
12-04 23:17:50 com_github_MitjaNemec_ReplicateLayout.replicate_layout 985:Src text UUid:eff6395c-796d-41b3-8eb6-faac87cf7795
12-04 23:17:50 com_github_MitjaNemec_ReplicateLayout.replicate_layout 986:Dst text UUid:d8e5bafe-5cee-4fd0-9d3f-e4e81c5ca8ef
12-04 23:17:50 com_github_MitjaNemec_ReplicateLayout.replicate_layout 985:Src text UUid:7eecb5de-067f-4fbb-9c5c-c80e537829d5
12-04 23:17:50 com_github_MitjaNemec_ReplicateLayout.replicate_layout 986:Dst text UUid:8ee65d42-d433-4ea8-9393-a614353c718b
12-04 23:17:50 com_github_MitjaNemec_ReplicateLayout.replicate_layout 985:Src text UUid:d3442371-9fa4-438e-bee6-3f715f23cde9
12-04 23:17:50 com_github_MitjaNemec_ReplicateLayout.replicate_layout 986:Dst text UUid:547b4fea-3427-4db7-8250-3e13dc2bb36d
12-04 23:17:50 com_github_MitjaNemec_ReplicateLayout.replicate_layout 985:Src text UUid:bbe554c6-1900-4610-92c0-9a7c043f24ad
12-04 23:17:50 com_github_MitjaNemec_ReplicateLayout.replicate_layout 986:Dst text UUid:c60d2f2b-0818-4a95-b7fb-e33c0ef734f0
12-04 23:17:50 com_github_MitjaNemec_ReplicateLayout.replicate_layout 985:Src text UUid:7e182bfd-96dd-4ff2-996d-87fb70512d4a
12-04 23:17:50 com_github_MitjaNemec_ReplicateLayout.replicate_layout 986:Dst text UUid:e605588b-3107-4378-abcc-f51144669261
12-04 23:17:50 com_github_MitjaNemec_ReplicateLayout.replicate_layout 985:Src text UUid:97f1b8b5-fa4e-4d8c-a3e9-4b23d7ab8b8f
12-04 23:17:50 com_github_MitjaNemec_ReplicateLayout.replicate_layout 986:Dst text UUid:7fc8594a-fe1a-4ff4-8774-1be1013658d0
12-04 23:17:50 com_github_MitjaNemec_ReplicateLayout.replicate_layout 985:Src text UUid:a4b83fb8-a7ac-4765-85ba-d0814f11d40c
12-04 23:17:50 com_github_MitjaNemec_ReplicateLayout.replicate_layout 986:Dst text UUid:336c3046-445c-4081-a2a9-012995783889
12-04 23:17:50 com_github_MitjaNemec_ReplicateLayout.replicate_layout 985:Src text UUid:73dd40a4-ffb8-4cd2-aa32-756da6ce6c24
12-04 23:17:50 com_github_MitjaNemec_ReplicateLayout.replicate_layout 986:Dst text UUid:2005d374-9551-480f-8252-73f16da0e638
12-04 23:17:50 com_github_MitjaNemec_ReplicateLayout.replicate_layout 985:Src text UUid:9d0de8e7-85f0-446d-aa4e-bb292b4ac1b0
12-04 23:17:50 com_github_MitjaNemec_ReplicateLayout.replicate_layout 986:Dst text UUid:4d02eac1-93e3-4ed2-b7b9-1be3c36d7c9b
12-04 23:17:50 com_github_MitjaNemec_ReplicateLayout.replicate_layout 868:Replicating footprints on sheet ['AnodeGateDrive6']
12-04 23:17:50 com_github_MitjaNemec_ReplicateLayout.replicate_layout 985:Src text UUid:eff6395c-796d-41b3-8eb6-faac87cf7795
12-04 23:17:50 com_github_MitjaNemec_ReplicateLayout.replicate_layout 986:Dst text UUid:5aec6334-ebdf-4686-a90a-79aa42dbd7ff
12-04 23:17:50 com_github_MitjaNemec_ReplicateLayout.replicate_layout 985:Src text UUid:7eecb5de-067f-4fbb-9c5c-c80e537829d5
12-04 23:17:50 com_github_MitjaNemec_ReplicateLayout.replicate_layout 986:Dst text UUid:cf9f8f0a-b5ed-4713-9c87-35b1f77d2e6e
12-04 23:17:50 com_github_MitjaNemec_ReplicateLayout.replicate_layout 985:Src text UUid:d3442371-9fa4-438e-bee6-3f715f23cde9
12-04 23:17:50 com_github_MitjaNemec_ReplicateLayout.replicate_layout 986:Dst text UUid:ea01156d-1f94-4976-9275-7ca41e676e35
12-04 23:17:50 com_github_MitjaNemec_ReplicateLayout.replicate_layout 985:Src text UUid:bbe554c6-1900-4610-92c0-9a7c043f24ad
12-04 23:17:50 com_github_MitjaNemec_ReplicateLayout.replicate_layout 986:Dst text UUid:e9471cf4-8ec6-43e0-8adf-b863d6311318
12-04 23:17:50 com_github_MitjaNemec_ReplicateLayout.replicate_layout 985:Src text UUid:7e182bfd-96dd-4ff2-996d-87fb70512d4a
12-04 23:17:50 com_github_MitjaNemec_ReplicateLayout.replicate_layout 986:Dst text UUid:7fe1e0dd-721b-4f90-a634-49ac9c04c8b1
12-04 23:17:50 com_github_MitjaNemec_ReplicateLayout.replicate_layout 985:Src text UUid:97f1b8b5-fa4e-4d8c-a3e9-4b23d7ab8b8f
12-04 23:17:50 com_github_MitjaNemec_ReplicateLayout.replicate_layout 986:Dst text UUid:70cdae73-83a0-4014-ac5f-9c2a3a94a50c
12-04 23:17:50 com_github_MitjaNemec_ReplicateLayout.replicate_layout 985:Src text UUid:a4b83fb8-a7ac-4765-85ba-d0814f11d40c
12-04 23:17:50 com_github_MitjaNemec_ReplicateLayout.replicate_layout 986:Dst text UUid:071429a4-eeb9-4bdd-ba17-5243f31a7e2a
12-04 23:17:50 com_github_MitjaNemec_ReplicateLayout.replicate_layout 985:Src text UUid:73dd40a4-ffb8-4cd2-aa32-756da6ce6c24
12-04 23:17:50 com_github_MitjaNemec_ReplicateLayout.replicate_layout 986:Dst text UUid:68399e17-3b0f-44c6-b246-aca946b8b586
12-04 23:17:50 com_github_MitjaNemec_ReplicateLayout.replicate_layout 985:Src text UUid:9d0de8e7-85f0-446d-aa4e-bb292b4ac1b0
12-04 23:17:50 com_github_MitjaNemec_ReplicateLayout.replicate_layout 986:Dst text UUid:24bd0039-da4b-45b5-8852-dc5047de5192
12-04 23:17:50 root 337:updating GUI with: 84
12-04 23:17:50 com_github_MitjaNemec_ReplicateLayout.replicate_layout 868:Replicating footprints on sheet ['AnodeGateDrive7']
12-04 23:17:50 com_github_MitjaNemec_ReplicateLayout.replicate_layout 985:Src text UUid:eff6395c-796d-41b3-8eb6-faac87cf7795
12-04 23:17:50 com_github_MitjaNemec_ReplicateLayout.replicate_layout 986:Dst text UUid:cf4f2855-8473-4222-812b-ccac2f07bec4
12-04 23:17:50 com_github_MitjaNemec_ReplicateLayout.replicate_layout 985:Src text UUid:7eecb5de-067f-4fbb-9c5c-c80e537829d5
12-04 23:17:50 com_github_MitjaNemec_ReplicateLayout.replicate_layout 986:Dst text UUid:e859f2e4-38f8-41d5-97ac-22ded5dac893
12-04 23:17:50 com_github_MitjaNemec_ReplicateLayout.replicate_layout 985:Src text UUid:d3442371-9fa4-438e-bee6-3f715f23cde9
12-04 23:17:50 com_github_MitjaNemec_ReplicateLayout.replicate_layout 986:Dst text UUid:0ef72e60-a9d6-452e-b720-26b2b4c578c3
12-04 23:17:50 com_github_MitjaNemec_ReplicateLayout.replicate_layout 985:Src text UUid:bbe554c6-1900-4610-92c0-9a7c043f24ad
12-04 23:17:50 com_github_MitjaNemec_ReplicateLayout.replicate_layout 986:Dst text UUid:1e676735-af85-4f14-835b-0a5e54da1e36
12-04 23:17:50 com_github_MitjaNemec_ReplicateLayout.replicate_layout 985:Src text UUid:7e182bfd-96dd-4ff2-996d-87fb70512d4a
12-04 23:17:50 com_github_MitjaNemec_ReplicateLayout.replicate_layout 986:Dst text UUid:7ff086f2-d4c3-472b-8eab-35408ab5166e
12-04 23:17:50 com_github_MitjaNemec_ReplicateLayout.replicate_layout 985:Src text UUid:97f1b8b5-fa4e-4d8c-a3e9-4b23d7ab8b8f
12-04 23:17:50 com_github_MitjaNemec_ReplicateLayout.replicate_layout 986:Dst text UUid:fd66c278-e8a4-40ba-bac0-67782e8b807a
12-04 23:17:50 com_github_MitjaNemec_ReplicateLayout.replicate_layout 985:Src text UUid:a4b83fb8-a7ac-4765-85ba-d0814f11d40c
12-04 23:17:50 com_github_MitjaNemec_ReplicateLayout.replicate_layout 986:Dst text UUid:504edb4c-43b1-42d9-8de3-2d1b0e4de2e2
12-04 23:17:50 com_github_MitjaNemec_ReplicateLayout.replicate_layout 985:Src text UUid:73dd40a4-ffb8-4cd2-aa32-756da6ce6c24
12-04 23:17:50 com_github_MitjaNemec_ReplicateLayout.replicate_layout 986:Dst text UUid:b94f7cd3-e6a9-4baa-8623-eec9c1e33128
12-04 23:17:50 com_github_MitjaNemec_ReplicateLayout.replicate_layout 985:Src text UUid:9d0de8e7-85f0-446d-aa4e-bb292b4ac1b0
12-04 23:17:50 com_github_MitjaNemec_ReplicateLayout.replicate_layout 986:Dst text UUid:52f7ef89-9eea-46bf-aae4-d0885e76339c
12-04 23:17:50 com_github_MitjaNemec_ReplicateLayout.replicate_layout 868:Replicating footprints on sheet ['AnodeGateDrive8']
12-04 23:17:50 com_github_MitjaNemec_ReplicateLayout.replicate_layout 985:Src text UUid:eff6395c-796d-41b3-8eb6-faac87cf7795
12-04 23:17:50 com_github_MitjaNemec_ReplicateLayout.replicate_layout 986:Dst text UUid:cba48644-a128-4f62-9c26-bc5fb535b3a0
12-04 23:17:50 com_github_MitjaNemec_ReplicateLayout.replicate_layout 985:Src text UUid:7eecb5de-067f-4fbb-9c5c-c80e537829d5
12-04 23:17:50 com_github_MitjaNemec_ReplicateLayout.replicate_layout 986:Dst text UUid:aa069435-139e-4082-8ec2-5cafb74073c0
12-04 23:17:50 com_github_MitjaNemec_ReplicateLayout.replicate_layout 985:Src text UUid:d3442371-9fa4-438e-bee6-3f715f23cde9
12-04 23:17:50 com_github_MitjaNemec_ReplicateLayout.replicate_layout 986:Dst text UUid:1b74e5dd-8e1d-443d-8174-76ee49f2e3e5
12-04 23:17:50 com_github_MitjaNemec_ReplicateLayout.replicate_layout 985:Src text UUid:bbe554c6-1900-4610-92c0-9a7c043f24ad
12-04 23:17:50 com_github_MitjaNemec_ReplicateLayout.replicate_layout 986:Dst text UUid:9ab19238-693e-4ae1-90e5-43830a53dc94
12-04 23:17:50 com_github_MitjaNemec_ReplicateLayout.replicate_layout 985:Src text UUid:7e182bfd-96dd-4ff2-996d-87fb70512d4a
12-04 23:17:50 com_github_MitjaNemec_ReplicateLayout.replicate_layout 986:Dst text UUid:ba8ae9dc-f893-42ef-85f4-d5febba5b5f2
12-04 23:17:50 com_github_MitjaNemec_ReplicateLayout.replicate_layout 985:Src text UUid:97f1b8b5-fa4e-4d8c-a3e9-4b23d7ab8b8f
12-04 23:17:50 com_github_MitjaNemec_ReplicateLayout.replicate_layout 986:Dst text UUid:f02026ab-af56-4176-aa3f-ea6f359d49b3
12-04 23:17:50 com_github_MitjaNemec_ReplicateLayout.replicate_layout 985:Src text UUid:a4b83fb8-a7ac-4765-85ba-d0814f11d40c
12-04 23:17:50 com_github_MitjaNemec_ReplicateLayout.replicate_layout 986:Dst text UUid:beb5f911-3394-420a-a82a-d2bfc756002f
12-04 23:17:50 com_github_MitjaNemec_ReplicateLayout.replicate_layout 985:Src text UUid:73dd40a4-ffb8-4cd2-aa32-756da6ce6c24
12-04 23:17:50 com_github_MitjaNemec_ReplicateLayout.replicate_layout 986:Dst text UUid:c91eb679-6a6d-4987-977a-b5382192e00e
12-04 23:17:50 com_github_MitjaNemec_ReplicateLayout.replicate_layout 985:Src text UUid:9d0de8e7-85f0-446d-aa4e-bb292b4ac1b0
12-04 23:17:50 com_github_MitjaNemec_ReplicateLayout.replicate_layout 986:Dst text UUid:f4636ff9-16c3-418d-8b45-de819a7ddd01
12-04 23:17:50 com_github_MitjaNemec_ReplicateLayout.replicate_layout 868:Replicating footprints on sheet ['AnodeGateDrive9']
12-04 23:17:50 com_github_MitjaNemec_ReplicateLayout.replicate_layout 985:Src text UUid:eff6395c-796d-41b3-8eb6-faac87cf7795
12-04 23:17:50 com_github_MitjaNemec_ReplicateLayout.replicate_layout 986:Dst text UUid:3d503c30-4a2f-4208-9c18-e44d0c5e7ecc
12-04 23:17:50 com_github_MitjaNemec_ReplicateLayout.replicate_layout 985:Src text UUid:7eecb5de-067f-4fbb-9c5c-c80e537829d5
12-04 23:17:50 com_github_MitjaNemec_ReplicateLayout.replicate_layout 986:Dst text UUid:ee8fef4f-b6d4-4b62-a28e-aef3419e0977
12-04 23:17:50 com_github_MitjaNemec_ReplicateLayout.replicate_layout 985:Src text UUid:d3442371-9fa4-438e-bee6-3f715f23cde9
12-04 23:17:50 com_github_MitjaNemec_ReplicateLayout.replicate_layout 986:Dst text UUid:0e0ca603-794b-4e56-999f-ca60c80b5d80
12-04 23:17:50 com_github_MitjaNemec_ReplicateLayout.replicate_layout 985:Src text UUid:bbe554c6-1900-4610-92c0-9a7c043f24ad
12-04 23:17:50 com_github_MitjaNemec_ReplicateLayout.replicate_layout 986:Dst text UUid:bc311196-5507-4caa-b12d-c7b7dbc1a0ec
12-04 23:17:50 com_github_MitjaNemec_ReplicateLayout.replicate_layout 985:Src text UUid:7e182bfd-96dd-4ff2-996d-87fb70512d4a
12-04 23:17:50 com_github_MitjaNemec_ReplicateLayout.replicate_layout 986:Dst text UUid:03e2fdad-1ca9-4981-8f79-d17f99aec839
12-04 23:17:50 com_github_MitjaNemec_ReplicateLayout.replicate_layout 985:Src text UUid:97f1b8b5-fa4e-4d8c-a3e9-4b23d7ab8b8f
12-04 23:17:50 com_github_MitjaNemec_ReplicateLayout.replicate_layout 986:Dst text UUid:fb27d935-7513-4c07-a02b-71a15c5f8ba2
12-04 23:17:50 com_github_MitjaNemec_ReplicateLayout.replicate_layout 985:Src text UUid:a4b83fb8-a7ac-4765-85ba-d0814f11d40c
12-04 23:17:50 com_github_MitjaNemec_ReplicateLayout.replicate_layout 986:Dst text UUid:3b94c797-154a-400d-b4d8-e03b6485cc04
12-04 23:17:50 com_github_MitjaNemec_ReplicateLayout.replicate_layout 985:Src text UUid:73dd40a4-ffb8-4cd2-aa32-756da6ce6c24
12-04 23:17:50 com_github_MitjaNemec_ReplicateLayout.replicate_layout 986:Dst text UUid:ca88537d-f13c-4619-a847-fc4ee4d7973b
12-04 23:17:50 com_github_MitjaNemec_ReplicateLayout.replicate_layout 985:Src text UUid:9d0de8e7-85f0-446d-aa4e-bb292b4ac1b0
12-04 23:17:50 com_github_MitjaNemec_ReplicateLayout.replicate_layout 986:Dst text UUid:296629f9-cdaf-4eca-ba01-b4e8d705b2f3
12-04 23:17:50 com_github_MitjaNemec_ReplicateLayout.replicate_layout 328:Removing tracks and zones, after footprint placement
12-04 23:17:50 root 332:updating GUI message: 'Removing zones and tracks'
12-04 23:17:50 com_github_MitjaNemec_ReplicateLayout.replicate_layout 1277:Remove bounding box top:104620001, bottom:108435000, Left:167755000, Right:172785000
12-04 23:17:50 com_github_MitjaNemec_ReplicateLayout.replicate_layout 1277:Remove bounding box top:51660001, bottom:55475000, Left:167755000, Right:172785000
12-04 23:17:50 root 337:updating GUI with: 10
12-04 23:17:50 com_github_MitjaNemec_ReplicateLayout.replicate_layout 1277:Remove bounding box top:38420001, bottom:42235000, Left:167755000, Right:172785000
12-04 23:17:50 com_github_MitjaNemec_ReplicateLayout.replicate_layout 1277:Remove bounding box top:131140001, bottom:134955000, Left:145735000, Right:150765000
12-04 23:17:50 com_github_MitjaNemec_ReplicateLayout.replicate_layout 1277:Remove bounding box top:64900001, bottom:68715000, Left:167755000, Right:172785000
12-04 23:17:50 com_github_MitjaNemec_ReplicateLayout.replicate_layout 1277:Remove bounding box top:131140001, bottom:134955000, Left:135935000, Right:140965000
12-04 23:17:50 com_github_MitjaNemec_ReplicateLayout.replicate_layout 1277:Remove bounding box top:131140001, bottom:134955000, Left:86935000, Right:91965000
12-04 23:17:50 com_github_MitjaNemec_ReplicateLayout.replicate_layout 1277:Remove bounding box top:71520001, bottom:75335000, Left:167755000, Right:172785000
12-04 23:17:50 root 337:updating GUI with: 42
12-04 23:17:50 com_github_MitjaNemec_ReplicateLayout.replicate_layout 1277:Remove bounding box top:131140001, bottom:134955000, Left:106535000, Right:111565000
12-04 23:17:50 com_github_MitjaNemec_ReplicateLayout.replicate_layout 1277:Remove bounding box top:45040001, bottom:48855000, Left:167755000, Right:172785000
12-04 23:17:50 com_github_MitjaNemec_ReplicateLayout.replicate_layout 1277:Remove bounding box top:131140001, bottom:134955000, Left:77135000, Right:82165000
12-04 23:17:50 com_github_MitjaNemec_ReplicateLayout.replicate_layout 1277:Remove bounding box top:131140001, bottom:134955000, Left:116335000, Right:121365000
12-04 23:17:50 com_github_MitjaNemec_ReplicateLayout.replicate_layout 1277:Remove bounding box top:131140001, bottom:134955000, Left:126135000, Right:131165000
12-04 23:17:50 root 337:updating GUI with: 68
12-04 23:17:50 com_github_MitjaNemec_ReplicateLayout.replicate_layout 1277:Remove bounding box top:131140001, bottom:134955000, Left:155535000, Right:160565000
12-04 23:17:50 com_github_MitjaNemec_ReplicateLayout.replicate_layout 1277:Remove bounding box top:131140001, bottom:134955000, Left:96735000, Right:101765000
12-04 23:17:50 com_github_MitjaNemec_ReplicateLayout.replicate_layout 1277:Remove bounding box top:84760001, bottom:88575000, Left:167755000, Right:172785000
12-04 23:17:50 com_github_MitjaNemec_ReplicateLayout.replicate_layout 1277:Remove bounding box top:58280001, bottom:62095000, Left:167755000, Right:172785000
12-04 23:17:50 com_github_MitjaNemec_ReplicateLayout.replicate_layout 1277:Remove bounding box top:91380001, bottom:95195000, Left:167755000, Right:172785000
12-04 23:17:50 com_github_MitjaNemec_ReplicateLayout.replicate_layout 1277:Remove bounding box top:98000001, bottom:101815000, Left:167755000, Right:172785000
12-04 23:17:50 root 332:updating GUI message: 'Replicating tracks'
12-04 23:17:50 root 337:updating GUI with: 0
12-04 23:17:50 com_github_MitjaNemec_ReplicateLayout.replicate_layout 1009:Replicating tracks
12-04 23:17:50 com_github_MitjaNemec_ReplicateLayout.replicate_layout 1015:Replicating tracks on sheet ['AnodeGateDrive1']
12-04 23:17:50 com_github_MitjaNemec_ReplicateLayout.replicate_layout 792:Net pairs for sheet ['AnodeGateDrive1'] :[('+24V', '+24V'), ('GND', 'GND'), ('/3v3_AN_A', '/3v3_AN_B'), ('/AnodeGateDrive/OUT', '/AnodeGateDrive1/OUT')]
12-04 23:17:50 com_github_MitjaNemec_ReplicateLayout.replicate_layout 1015:Replicating tracks on sheet ['AnodeGateDrive10']
12-04 23:17:50 com_github_MitjaNemec_ReplicateLayout.replicate_layout 776:Significant difference between src net: ['', '3v3_AN_A'] and dst net: ['', '3v3_G3'], with src_net_depth=2, dst_net_depth=2, src_fp_depth=1, dst_fp_depth=1, match level 0.79
12-04 23:17:50 com_github_MitjaNemec_ReplicateLayout.replicate_layout 776:Significant difference between src net: ['', '3v3_AN_A'] and dst net: ['', '3v3_G3'], with src_net_depth=2, dst_net_depth=2, src_fp_depth=1, dst_fp_depth=1, match level 0.79
12-04 23:17:50 com_github_MitjaNemec_ReplicateLayout.replicate_layout 792:Net pairs for sheet ['AnodeGateDrive10'] :[('+24V', '+24V'), ('/AnodeGateDrive/OUT', '/AnodeGateDrive10/OUT'), ('/3v3_AN_A', '/3v3_G3'), ('GND', 'GND')]
12-04 23:17:50 com_github_MitjaNemec_ReplicateLayout.replicate_layout 1015:Replicating tracks on sheet ['AnodeGateDrive11']
12-04 23:17:50 com_github_MitjaNemec_ReplicateLayout.replicate_layout 776:Significant difference between src net: ['', '3v3_AN_A'] and dst net: ['', '3v3_G4'], with src_net_depth=2, dst_net_depth=2, src_fp_depth=1, dst_fp_depth=1, match level 0.79
12-04 23:17:50 com_github_MitjaNemec_ReplicateLayout.replicate_layout 776:Significant difference between src net: ['', '3v3_AN_A'] and dst net: ['', '3v3_G4'], with src_net_depth=2, dst_net_depth=2, src_fp_depth=1, dst_fp_depth=1, match level 0.79
12-04 23:17:50 com_github_MitjaNemec_ReplicateLayout.replicate_layout 792:Net pairs for sheet ['AnodeGateDrive11'] :[('+24V', '+24V'), ('GND', 'GND'), ('/AnodeGateDrive/OUT', '/AnodeGateDrive11/OUT'), ('/3v3_AN_A', '/3v3_G4')]
12-04 23:17:50 com_github_MitjaNemec_ReplicateLayout.replicate_layout 1015:Replicating tracks on sheet ['AnodeGateDrive12']
12-04 23:17:50 com_github_MitjaNemec_ReplicateLayout.replicate_layout 776:Significant difference between src net: ['', '3v3_AN_A'] and dst net: ['', '3v3_G5'], with src_net_depth=2, dst_net_depth=2, src_fp_depth=1, dst_fp_depth=1, match level 0.79
12-04 23:17:50 com_github_MitjaNemec_ReplicateLayout.replicate_layout 776:Significant difference between src net: ['', '3v3_AN_A'] and dst net: ['', '3v3_G5'], with src_net_depth=2, dst_net_depth=2, src_fp_depth=1, dst_fp_depth=1, match level 0.79
12-04 23:17:50 com_github_MitjaNemec_ReplicateLayout.replicate_layout 792:Net pairs for sheet ['AnodeGateDrive12'] :[('/AnodeGateDrive/OUT', '/AnodeGateDrive12/OUT'), ('/3v3_AN_A', '/3v3_G5'), ('GND', 'GND'), ('+24V', '+24V')]
12-04 23:17:50 com_github_MitjaNemec_ReplicateLayout.replicate_layout 1015:Replicating tracks on sheet ['AnodeGateDrive13']
12-04 23:17:50 com_github_MitjaNemec_ReplicateLayout.replicate_layout 776:Significant difference between src net: ['', '3v3_AN_A'] and dst net: ['', '3v3_G6'], with src_net_depth=2, dst_net_depth=2, src_fp_depth=1, dst_fp_depth=1, match level 0.79
12-04 23:17:50 com_github_MitjaNemec_ReplicateLayout.replicate_layout 776:Significant difference between src net: ['', '3v3_AN_A'] and dst net: ['', '3v3_G6'], with src_net_depth=2, dst_net_depth=2, src_fp_depth=1, dst_fp_depth=1, match level 0.79
12-04 23:17:50 com_github_MitjaNemec_ReplicateLayout.replicate_layout 792:Net pairs for sheet ['AnodeGateDrive13'] :[('+24V', '+24V'), ('/AnodeGateDrive/OUT', '/AnodeGateDrive13/OUT'), ('/3v3_AN_A', '/3v3_G6'), ('GND', 'GND')]
12-04 23:17:50 com_github_MitjaNemec_ReplicateLayout.replicate_layout 1015:Replicating tracks on sheet ['AnodeGateDrive14']
12-04 23:17:50 com_github_MitjaNemec_ReplicateLayout.replicate_layout 776:Significant difference between src net: ['', '3v3_AN_A'] and dst net: ['', '3v3_G7'], with src_net_depth=2, dst_net_depth=2, src_fp_depth=1, dst_fp_depth=1, match level 0.79
12-04 23:17:50 com_github_MitjaNemec_ReplicateLayout.replicate_layout 776:Significant difference between src net: ['', '3v3_AN_A'] and dst net: ['', '3v3_G7'], with src_net_depth=2, dst_net_depth=2, src_fp_depth=1, dst_fp_depth=1, match level 0.79
12-04 23:17:50 com_github_MitjaNemec_ReplicateLayout.replicate_layout 792:Net pairs for sheet ['AnodeGateDrive14'] :[('+24V', '+24V'), ('GND', 'GND'), ('/3v3_AN_A', '/3v3_G7'), ('/AnodeGateDrive/OUT', '/AnodeGateDrive14/OUT')]
12-04 23:17:50 root 337:updating GUI with: 28
12-04 23:17:50 com_github_MitjaNemec_ReplicateLayout.replicate_layout 1015:Replicating tracks on sheet ['AnodeGateDrive15']
12-04 23:17:50 com_github_MitjaNemec_ReplicateLayout.replicate_layout 776:Significant difference between src net: ['', '3v3_AN_A'] and dst net: ['', '3v3_G8'], with src_net_depth=2, dst_net_depth=2, src_fp_depth=1, dst_fp_depth=1, match level 0.79
12-04 23:17:50 com_github_MitjaNemec_ReplicateLayout.replicate_layout 776:Significant difference between src net: ['', '3v3_AN_A'] and dst net: ['', '3v3_G8'], with src_net_depth=2, dst_net_depth=2, src_fp_depth=1, dst_fp_depth=1, match level 0.79
12-04 23:17:50 com_github_MitjaNemec_ReplicateLayout.replicate_layout 792:Net pairs for sheet ['AnodeGateDrive15'] :[('/3v3_AN_A', '/3v3_G8'), ('+24V', '+24V'), ('GND', 'GND'), ('/AnodeGateDrive/OUT', '/AnodeGateDrive15/OUT')]
12-04 23:17:50 com_github_MitjaNemec_ReplicateLayout.replicate_layout 1015:Replicating tracks on sheet ['AnodeGateDrive16']
12-04 23:17:50 com_github_MitjaNemec_ReplicateLayout.replicate_layout 776:Significant difference between src net: ['', '3v3_AN_A'] and dst net: ['', '3v3_G9'], with src_net_depth=2, dst_net_depth=2, src_fp_depth=1, dst_fp_depth=1, match level 0.79
12-04 23:17:50 com_github_MitjaNemec_ReplicateLayout.replicate_layout 776:Significant difference between src net: ['', '3v3_AN_A'] and dst net: ['', '3v3_G9'], with src_net_depth=2, dst_net_depth=2, src_fp_depth=1, dst_fp_depth=1, match level 0.79
12-04 23:17:50 com_github_MitjaNemec_ReplicateLayout.replicate_layout 792:Net pairs for sheet ['AnodeGateDrive16'] :[('+24V', '+24V'), ('GND', 'GND'), ('/3v3_AN_A', '/3v3_G9'), ('/AnodeGateDrive/OUT', '/AnodeGateDrive16/OUT')]
12-04 23:17:51 com_github_MitjaNemec_ReplicateLayout.replicate_layout 1015:Replicating tracks on sheet ['AnodeGateDrive17']
12-04 23:17:51 com_github_MitjaNemec_ReplicateLayout.replicate_layout 776:Significant difference between src net: ['', '3v3_AN_A'] and dst net: ['', '3v3_G10'], with src_net_depth=2, dst_net_depth=2, src_fp_depth=1, dst_fp_depth=1, match level 0.77
12-04 23:17:51 com_github_MitjaNemec_ReplicateLayout.replicate_layout 776:Significant difference between src net: ['', '3v3_AN_A'] and dst net: ['', '3v3_G10'], with src_net_depth=2, dst_net_depth=2, src_fp_depth=1, dst_fp_depth=1, match level 0.77
12-04 23:17:51 com_github_MitjaNemec_ReplicateLayout.replicate_layout 792:Net pairs for sheet ['AnodeGateDrive17'] :[('/3v3_AN_A', '/3v3_G10'), ('+24V', '+24V'), ('/AnodeGateDrive/OUT', '/AnodeGateDrive17/OUT'), ('GND', 'GND')]
12-04 23:17:51 com_github_MitjaNemec_ReplicateLayout.replicate_layout 1015:Replicating tracks on sheet ['AnodeGateDrive18']
12-04 23:17:51 com_github_MitjaNemec_ReplicateLayout.replicate_layout 776:Significant difference between src net: ['', '3v3_AN_A'] and dst net: ['', '3v3_G11'], with src_net_depth=2, dst_net_depth=2, src_fp_depth=1, dst_fp_depth=1, match level 0.77
12-04 23:17:51 com_github_MitjaNemec_ReplicateLayout.replicate_layout 776:Significant difference between src net: ['', '3v3_AN_A'] and dst net: ['', '3v3_G11'], with src_net_depth=2, dst_net_depth=2, src_fp_depth=1, dst_fp_depth=1, match level 0.77
12-04 23:17:51 com_github_MitjaNemec_ReplicateLayout.replicate_layout 792:Net pairs for sheet ['AnodeGateDrive18'] :[('/3v3_AN_A', '/3v3_G11'), ('+24V', '+24V'), ('GND', 'GND'), ('/AnodeGateDrive/OUT', '/AnodeGateDrive18/OUT')]
12-04 23:17:51 com_github_MitjaNemec_ReplicateLayout.replicate_layout 1015:Replicating tracks on sheet ['AnodeGateDrive19']
12-04 23:17:51 com_github_MitjaNemec_ReplicateLayout.replicate_layout 776:Significant difference between src net: ['', '3v3_AN_A'] and dst net: ['', '3v3_G12'], with src_net_depth=2, dst_net_depth=2, src_fp_depth=1, dst_fp_depth=1, match level 0.77
12-04 23:17:51 com_github_MitjaNemec_ReplicateLayout.replicate_layout 776:Significant difference between src net: ['', '3v3_AN_A'] and dst net: ['', '3v3_G12'], with src_net_depth=2, dst_net_depth=2, src_fp_depth=1, dst_fp_depth=1, match level 0.77
12-04 23:17:51 com_github_MitjaNemec_ReplicateLayout.replicate_layout 792:Net pairs for sheet ['AnodeGateDrive19'] :[('+24V', '+24V'), ('GND', 'GND'), ('/AnodeGateDrive/OUT', '/AnodeGateDrive19/OUT'), ('/3v3_AN_A', '/3v3_G12')]
12-04 23:17:51 com_github_MitjaNemec_ReplicateLayout.replicate_layout 1015:Replicating tracks on sheet ['AnodeGateDrive2']
12-04 23:17:51 com_github_MitjaNemec_ReplicateLayout.replicate_layout 792:Net pairs for sheet ['AnodeGateDrive2'] :[('/3v3_AN_A', '/3v3_AN_C'), ('+24V', '+24V'), ('/AnodeGateDrive/OUT', '/AnodeGateDrive2/OUT'), ('GND', 'GND')]
12-04 23:17:51 com_github_MitjaNemec_ReplicateLayout.replicate_layout 1015:Replicating tracks on sheet ['AnodeGateDrive3']
12-04 23:17:51 com_github_MitjaNemec_ReplicateLayout.replicate_layout 792:Net pairs for sheet ['AnodeGateDrive3'] :[('+24V', '+24V'), ('GND', 'GND'), ('/AnodeGateDrive/OUT', '/AnodeGateDrive3/OUT'), ('/3v3_AN_A', '/3v3_AN_D')]
12-04 23:17:51 com_github_MitjaNemec_ReplicateLayout.replicate_layout 1015:Replicating tracks on sheet ['AnodeGateDrive4']
12-04 23:17:51 com_github_MitjaNemec_ReplicateLayout.replicate_layout 792:Net pairs for sheet ['AnodeGateDrive4'] :[('/AnodeGateDrive/OUT', '/AnodeGateDrive4/OUT'), ('+24V', '+24V'), ('GND', 'GND'), ('/3v3_AN_A', '/3v3_AN_E')]
12-04 23:17:51 com_github_MitjaNemec_ReplicateLayout.replicate_layout 1015:Replicating tracks on sheet ['AnodeGateDrive5']
12-04 23:17:51 com_github_MitjaNemec_ReplicateLayout.replicate_layout 792:Net pairs for sheet ['AnodeGateDrive5'] :[('/3v3_AN_A', '/3v3_AN_F'), ('/AnodeGateDrive/OUT', '/AnodeGateDrive5/OUT'), ('GND', 'GND'), ('+24V', '+24V')]
12-04 23:17:51 com_github_MitjaNemec_ReplicateLayout.replicate_layout 1015:Replicating tracks on sheet ['AnodeGateDrive6']
12-04 23:17:51 com_github_MitjaNemec_ReplicateLayout.replicate_layout 792:Net pairs for sheet ['AnodeGateDrive6'] :[('/3v3_AN_A', '/3v3_AN_G'), ('/AnodeGateDrive/OUT', '/AnodeGateDrive6/OUT'), ('GND', 'GND'), ('+24V', '+24V')]
12-04 23:17:51 root 337:updating GUI with: 79
12-04 23:17:51 com_github_MitjaNemec_ReplicateLayout.replicate_layout 1015:Replicating tracks on sheet ['AnodeGateDrive7']
12-04 23:17:51 com_github_MitjaNemec_ReplicateLayout.replicate_layout 792:Net pairs for sheet ['AnodeGateDrive7'] :[('/3v3_AN_A', '/3v3_AN_DP'), ('+24V', '+24V'), ('GND', 'GND'), ('/AnodeGateDrive/OUT', '/AnodeGateDrive7/OUT')]
12-04 23:17:51 com_github_MitjaNemec_ReplicateLayout.replicate_layout 1015:Replicating tracks on sheet ['AnodeGateDrive8']
12-04 23:17:51 com_github_MitjaNemec_ReplicateLayout.replicate_layout 776:Significant difference between src net: ['', '3v3_AN_A'] and dst net: ['', '3v3_G1'], with src_net_depth=2, dst_net_depth=2, src_fp_depth=1, dst_fp_depth=1, match level 0.79
12-04 23:17:51 com_github_MitjaNemec_ReplicateLayout.replicate_layout 776:Significant difference between src net: ['', '3v3_AN_A'] and dst net: ['', '3v3_G1'], with src_net_depth=2, dst_net_depth=2, src_fp_depth=1, dst_fp_depth=1, match level 0.79
12-04 23:17:51 com_github_MitjaNemec_ReplicateLayout.replicate_layout 792:Net pairs for sheet ['AnodeGateDrive8'] :[('+24V', '+24V'), ('/AnodeGateDrive/OUT', '/AnodeGateDrive8/OUT'), ('GND', 'GND'), ('/3v3_AN_A', '/3v3_G1')]
12-04 23:17:51 com_github_MitjaNemec_ReplicateLayout.replicate_layout 1015:Replicating tracks on sheet ['AnodeGateDrive9']
12-04 23:17:51 com_github_MitjaNemec_ReplicateLayout.replicate_layout 776:Significant difference between src net: ['', '3v3_AN_A'] and dst net: ['', '3v3_G2'], with src_net_depth=2, dst_net_depth=2, src_fp_depth=1, dst_fp_depth=1, match level 0.79
12-04 23:17:51 com_github_MitjaNemec_ReplicateLayout.replicate_layout 776:Significant difference between src net: ['', '3v3_AN_A'] and dst net: ['', '3v3_G2'], with src_net_depth=2, dst_net_depth=2, src_fp_depth=1, dst_fp_depth=1, match level 0.79
12-04 23:17:51 com_github_MitjaNemec_ReplicateLayout.replicate_layout 792:Net pairs for sheet ['AnodeGateDrive9'] :[('+24V', '+24V'), ('GND', 'GND'), ('/3v3_AN_A', '/3v3_G2'), ('/AnodeGateDrive/OUT', '/AnodeGateDrive9/OUT')]
12-04 23:17:51 root 332:updating GUI message: 'Replicating zones'
12-04 23:17:51 com_github_MitjaNemec_ReplicateLayout.replicate_layout 1079:Replicating zones
12-04 23:17:51 com_github_MitjaNemec_ReplicateLayout.replicate_layout 1086:Replicating zones on sheet ['AnodeGateDrive1']
12-04 23:17:51 com_github_MitjaNemec_ReplicateLayout.replicate_layout 792:Net pairs for sheet ['AnodeGateDrive1'] :[('+24V', '+24V'), ('GND', 'GND'), ('/3v3_AN_A', '/3v3_AN_B'), ('/AnodeGateDrive/OUT', '/AnodeGateDrive1/OUT')]
12-04 23:17:51 com_github_MitjaNemec_ReplicateLayout.replicate_layout 1086:Replicating zones on sheet ['AnodeGateDrive10']
12-04 23:17:51 com_github_MitjaNemec_ReplicateLayout.replicate_layout 776:Significant difference between src net: ['', '3v3_AN_A'] and dst net: ['', '3v3_G3'], with src_net_depth=2, dst_net_depth=2, src_fp_depth=1, dst_fp_depth=1, match level 0.79
12-04 23:17:51 com_github_MitjaNemec_ReplicateLayout.replicate_layout 776:Significant difference between src net: ['', '3v3_AN_A'] and dst net: ['', '3v3_G3'], with src_net_depth=2, dst_net_depth=2, src_fp_depth=1, dst_fp_depth=1, match level 0.79
12-04 23:17:51 com_github_MitjaNemec_ReplicateLayout.replicate_layout 792:Net pairs for sheet ['AnodeGateDrive10'] :[('+24V', '+24V'), ('/AnodeGateDrive/OUT', '/AnodeGateDrive10/OUT'), ('/3v3_AN_A', '/3v3_G3'), ('GND', 'GND')]
12-04 23:17:51 com_github_MitjaNemec_ReplicateLayout.replicate_layout 1086:Replicating zones on sheet ['AnodeGateDrive11']
12-04 23:17:51 com_github_MitjaNemec_ReplicateLayout.replicate_layout 776:Significant difference between src net: ['', '3v3_AN_A'] and dst net: ['', '3v3_G4'], with src_net_depth=2, dst_net_depth=2, src_fp_depth=1, dst_fp_depth=1, match level 0.79
12-04 23:17:51 com_github_MitjaNemec_ReplicateLayout.replicate_layout 776:Significant difference between src net: ['', '3v3_AN_A'] and dst net: ['', '3v3_G4'], with src_net_depth=2, dst_net_depth=2, src_fp_depth=1, dst_fp_depth=1, match level 0.79
12-04 23:17:51 com_github_MitjaNemec_ReplicateLayout.replicate_layout 792:Net pairs for sheet ['AnodeGateDrive11'] :[('+24V', '+24V'), ('GND', 'GND'), ('/AnodeGateDrive/OUT', '/AnodeGateDrive11/OUT'), ('/3v3_AN_A', '/3v3_G4')]
12-04 23:17:51 com_github_MitjaNemec_ReplicateLayout.replicate_layout 1086:Replicating zones on sheet ['AnodeGateDrive12']
12-04 23:17:51 com_github_MitjaNemec_ReplicateLayout.replicate_layout 776:Significant difference between src net: ['', '3v3_AN_A'] and dst net: ['', '3v3_G5'], with src_net_depth=2, dst_net_depth=2, src_fp_depth=1, dst_fp_depth=1, match level 0.79
12-04 23:17:51 com_github_MitjaNemec_ReplicateLayout.replicate_layout 776:Significant difference between src net: ['', '3v3_AN_A'] and dst net: ['', '3v3_G5'], with src_net_depth=2, dst_net_depth=2, src_fp_depth=1, dst_fp_depth=1, match level 0.79
12-04 23:17:51 com_github_MitjaNemec_ReplicateLayout.replicate_layout 792:Net pairs for sheet ['AnodeGateDrive12'] :[('/AnodeGateDrive/OUT', '/AnodeGateDrive12/OUT'), ('/3v3_AN_A', '/3v3_G5'), ('GND', 'GND'), ('+24V', '+24V')]
12-04 23:17:51 com_github_MitjaNemec_ReplicateLayout.replicate_layout 1086:Replicating zones on sheet ['AnodeGateDrive13']
12-04 23:17:51 com_github_MitjaNemec_ReplicateLayout.replicate_layout 776:Significant difference between src net: ['', '3v3_AN_A'] and dst net: ['', '3v3_G6'], with src_net_depth=2, dst_net_depth=2, src_fp_depth=1, dst_fp_depth=1, match level 0.79
12-04 23:17:51 com_github_MitjaNemec_ReplicateLayout.replicate_layout 776:Significant difference between src net: ['', '3v3_AN_A'] and dst net: ['', '3v3_G6'], with src_net_depth=2, dst_net_depth=2, src_fp_depth=1, dst_fp_depth=1, match level 0.79
12-04 23:17:51 com_github_MitjaNemec_ReplicateLayout.replicate_layout 792:Net pairs for sheet ['AnodeGateDrive13'] :[('+24V', '+24V'), ('/AnodeGateDrive/OUT', '/AnodeGateDrive13/OUT'), ('/3v3_AN_A', '/3v3_G6'), ('GND', 'GND')]
12-04 23:17:51 com_github_MitjaNemec_ReplicateLayout.replicate_layout 1086:Replicating zones on sheet ['AnodeGateDrive14']
12-04 23:17:51 com_github_MitjaNemec_ReplicateLayout.replicate_layout 776:Significant difference between src net: ['', '3v3_AN_A'] and dst net: ['', '3v3_G7'], with src_net_depth=2, dst_net_depth=2, src_fp_depth=1, dst_fp_depth=1, match level 0.79
12-04 23:17:51 com_github_MitjaNemec_ReplicateLayout.replicate_layout 776:Significant difference between src net: ['', '3v3_AN_A'] and dst net: ['', '3v3_G7'], with src_net_depth=2, dst_net_depth=2, src_fp_depth=1, dst_fp_depth=1, match level 0.79
12-04 23:17:51 com_github_MitjaNemec_ReplicateLayout.replicate_layout 792:Net pairs for sheet ['AnodeGateDrive14'] :[('+24V', '+24V'), ('GND', 'GND'), ('/3v3_AN_A', '/3v3_G7'), ('/AnodeGateDrive/OUT', '/AnodeGateDrive14/OUT')]
12-04 23:17:51 com_github_MitjaNemec_ReplicateLayout.replicate_layout 1086:Replicating zones on sheet ['AnodeGateDrive15']
12-04 23:17:51 com_github_MitjaNemec_ReplicateLayout.replicate_layout 776:Significant difference between src net: ['', '3v3_AN_A'] and dst net: ['', '3v3_G8'], with src_net_depth=2, dst_net_depth=2, src_fp_depth=1, dst_fp_depth=1, match level 0.79
12-04 23:17:51 com_github_MitjaNemec_ReplicateLayout.replicate_layout 776:Significant difference between src net: ['', '3v3_AN_A'] and dst net: ['', '3v3_G8'], with src_net_depth=2, dst_net_depth=2, src_fp_depth=1, dst_fp_depth=1, match level 0.79
12-04 23:17:51 com_github_MitjaNemec_ReplicateLayout.replicate_layout 792:Net pairs for sheet ['AnodeGateDrive15'] :[('/3v3_AN_A', '/3v3_G8'), ('+24V', '+24V'), ('GND', 'GND'), ('/AnodeGateDrive/OUT', '/AnodeGateDrive15/OUT')]
12-04 23:17:51 com_github_MitjaNemec_ReplicateLayout.replicate_layout 1086:Replicating zones on sheet ['AnodeGateDrive16']
12-04 23:17:51 com_github_MitjaNemec_ReplicateLayout.replicate_layout 776:Significant difference between src net: ['', '3v3_AN_A'] and dst net: ['', '3v3_G9'], with src_net_depth=2, dst_net_depth=2, src_fp_depth=1, dst_fp_depth=1, match level 0.79
12-04 23:17:51 com_github_MitjaNemec_ReplicateLayout.replicate_layout 776:Significant difference between src net: ['', '3v3_AN_A'] and dst net: ['', '3v3_G9'], with src_net_depth=2, dst_net_depth=2, src_fp_depth=1, dst_fp_depth=1, match level 0.79
12-04 23:17:51 com_github_MitjaNemec_ReplicateLayout.replicate_layout 792:Net pairs for sheet ['AnodeGateDrive16'] :[('+24V', '+24V'), ('GND', 'GND'), ('/3v3_AN_A', '/3v3_G9'), ('/AnodeGateDrive/OUT', '/AnodeGateDrive16/OUT')]
12-04 23:17:51 com_github_MitjaNemec_ReplicateLayout.replicate_layout 1086:Replicating zones on sheet ['AnodeGateDrive17']
12-04 23:17:51 com_github_MitjaNemec_ReplicateLayout.replicate_layout 776:Significant difference between src net: ['', '3v3_AN_A'] and dst net: ['', '3v3_G10'], with src_net_depth=2, dst_net_depth=2, src_fp_depth=1, dst_fp_depth=1, match level 0.77
12-04 23:17:51 com_github_MitjaNemec_ReplicateLayout.replicate_layout 776:Significant difference between src net: ['', '3v3_AN_A'] and dst net: ['', '3v3_G10'], with src_net_depth=2, dst_net_depth=2, src_fp_depth=1, dst_fp_depth=1, match level 0.77
12-04 23:17:51 com_github_MitjaNemec_ReplicateLayout.replicate_layout 792:Net pairs for sheet ['AnodeGateDrive17'] :[('/3v3_AN_A', '/3v3_G10'), ('+24V', '+24V'), ('/AnodeGateDrive/OUT', '/AnodeGateDrive17/OUT'), ('GND', 'GND')]
12-04 23:17:51 com_github_MitjaNemec_ReplicateLayout.replicate_layout 1086:Replicating zones on sheet ['AnodeGateDrive18']
12-04 23:17:51 com_github_MitjaNemec_ReplicateLayout.replicate_layout 776:Significant difference between src net: ['', '3v3_AN_A'] and dst net: ['', '3v3_G11'], with src_net_depth=2, dst_net_depth=2, src_fp_depth=1, dst_fp_depth=1, match level 0.77
12-04 23:17:51 com_github_MitjaNemec_ReplicateLayout.replicate_layout 776:Significant difference between src net: ['', '3v3_AN_A'] and dst net: ['', '3v3_G11'], with src_net_depth=2, dst_net_depth=2, src_fp_depth=1, dst_fp_depth=1, match level 0.77
12-04 23:17:51 com_github_MitjaNemec_ReplicateLayout.replicate_layout 792:Net pairs for sheet ['AnodeGateDrive18'] :[('/3v3_AN_A', '/3v3_G11'), ('+24V', '+24V'), ('GND', 'GND'), ('/AnodeGateDrive/OUT', '/AnodeGateDrive18/OUT')]
12-04 23:17:51 com_github_MitjaNemec_ReplicateLayout.replicate_layout 1086:Replicating zones on sheet ['AnodeGateDrive19']
12-04 23:17:51 com_github_MitjaNemec_ReplicateLayout.replicate_layout 776:Significant difference between src net: ['', '3v3_AN_A'] and dst net: ['', '3v3_G12'], with src_net_depth=2, dst_net_depth=2, src_fp_depth=1, dst_fp_depth=1, match level 0.77
12-04 23:17:51 com_github_MitjaNemec_ReplicateLayout.replicate_layout 776:Significant difference between src net: ['', '3v3_AN_A'] and dst net: ['', '3v3_G12'], with src_net_depth=2, dst_net_depth=2, src_fp_depth=1, dst_fp_depth=1, match level 0.77
12-04 23:17:51 com_github_MitjaNemec_ReplicateLayout.replicate_layout 792:Net pairs for sheet ['AnodeGateDrive19'] :[('+24V', '+24V'), ('GND', 'GND'), ('/AnodeGateDrive/OUT', '/AnodeGateDrive19/OUT'), ('/3v3_AN_A', '/3v3_G12')]
12-04 23:17:51 root 337:updating GUI with: 57
12-04 23:17:51 com_github_MitjaNemec_ReplicateLayout.replicate_layout 1086:Replicating zones on sheet ['AnodeGateDrive2']
12-04 23:17:51 com_github_MitjaNemec_ReplicateLayout.replicate_layout 792:Net pairs for sheet ['AnodeGateDrive2'] :[('/3v3_AN_A', '/3v3_AN_C'), ('+24V', '+24V'), ('/AnodeGateDrive/OUT', '/AnodeGateDrive2/OUT'), ('GND', 'GND')]
12-04 23:17:51 com_github_MitjaNemec_ReplicateLayout.replicate_layout 1086:Replicating zones on sheet ['AnodeGateDrive3']
12-04 23:17:51 com_github_MitjaNemec_ReplicateLayout.replicate_layout 792:Net pairs for sheet ['AnodeGateDrive3'] :[('+24V', '+24V'), ('GND', 'GND'), ('/AnodeGateDrive/OUT', '/AnodeGateDrive3/OUT'), ('/3v3_AN_A', '/3v3_AN_D')]
12-04 23:17:51 com_github_MitjaNemec_ReplicateLayout.replicate_layout 1086:Replicating zones on sheet ['AnodeGateDrive4']
12-04 23:17:51 com_github_MitjaNemec_ReplicateLayout.replicate_layout 792:Net pairs for sheet ['AnodeGateDrive4'] :[('/AnodeGateDrive/OUT', '/AnodeGateDrive4/OUT'), ('+24V', '+24V'), ('GND', 'GND'), ('/3v3_AN_A', '/3v3_AN_E')]
12-04 23:17:51 com_github_MitjaNemec_ReplicateLayout.replicate_layout 1086:Replicating zones on sheet ['AnodeGateDrive5']
12-04 23:17:51 com_github_MitjaNemec_ReplicateLayout.replicate_layout 792:Net pairs for sheet ['AnodeGateDrive5'] :[('/3v3_AN_A', '/3v3_AN_F'), ('/AnodeGateDrive/OUT', '/AnodeGateDrive5/OUT'), ('GND', 'GND'), ('+24V', '+24V')]
12-04 23:17:51 com_github_MitjaNemec_ReplicateLayout.replicate_layout 1086:Replicating zones on sheet ['AnodeGateDrive6']
12-04 23:17:51 com_github_MitjaNemec_ReplicateLayout.replicate_layout 792:Net pairs for sheet ['AnodeGateDrive6'] :[('/3v3_AN_A', '/3v3_AN_G'), ('/AnodeGateDrive/OUT', '/AnodeGateDrive6/OUT'), ('GND', 'GND'), ('+24V', '+24V')]
12-04 23:17:51 com_github_MitjaNemec_ReplicateLayout.replicate_layout 1086:Replicating zones on sheet ['AnodeGateDrive7']
12-04 23:17:51 com_github_MitjaNemec_ReplicateLayout.replicate_layout 792:Net pairs for sheet ['AnodeGateDrive7'] :[('/3v3_AN_A', '/3v3_AN_DP'), ('+24V', '+24V'), ('GND', 'GND'), ('/AnodeGateDrive/OUT', '/AnodeGateDrive7/OUT')]
12-04 23:17:51 com_github_MitjaNemec_ReplicateLayout.replicate_layout 1086:Replicating zones on sheet ['AnodeGateDrive8']
12-04 23:17:51 com_github_MitjaNemec_ReplicateLayout.replicate_layout 776:Significant difference between src net: ['', '3v3_AN_A'] and dst net: ['', '3v3_G1'], with src_net_depth=2, dst_net_depth=2, src_fp_depth=1, dst_fp_depth=1, match level 0.79
12-04 23:17:51 com_github_MitjaNemec_ReplicateLayout.replicate_layout 776:Significant difference between src net: ['', '3v3_AN_A'] and dst net: ['', '3v3_G1'], with src_net_depth=2, dst_net_depth=2, src_fp_depth=1, dst_fp_depth=1, match level 0.79
12-04 23:17:51 com_github_MitjaNemec_ReplicateLayout.replicate_layout 792:Net pairs for sheet ['AnodeGateDrive8'] :[('+24V', '+24V'), ('/AnodeGateDrive/OUT', '/AnodeGateDrive8/OUT'), ('GND', 'GND'), ('/3v3_AN_A', '/3v3_G1')]
12-04 23:17:51 com_github_MitjaNemec_ReplicateLayout.replicate_layout 1086:Replicating zones on sheet ['AnodeGateDrive9']
12-04 23:17:51 com_github_MitjaNemec_ReplicateLayout.replicate_layout 776:Significant difference between src net: ['', '3v3_AN_A'] and dst net: ['', '3v3_G2'], with src_net_depth=2, dst_net_depth=2, src_fp_depth=1, dst_fp_depth=1, match level 0.79
12-04 23:17:51 com_github_MitjaNemec_ReplicateLayout.replicate_layout 776:Significant difference between src net: ['', '3v3_AN_A'] and dst net: ['', '3v3_G2'], with src_net_depth=2, dst_net_depth=2, src_fp_depth=1, dst_fp_depth=1, match level 0.79
12-04 23:17:51 com_github_MitjaNemec_ReplicateLayout.replicate_layout 792:Net pairs for sheet ['AnodeGateDrive9'] :[('+24V', '+24V'), ('GND', 'GND'), ('/3v3_AN_A', '/3v3_G2'), ('/AnodeGateDrive/OUT', '/AnodeGateDrive9/OUT')]
12-04 23:17:51 root 332:updating GUI message: 'Replicating text'
12-04 23:17:51 com_github_MitjaNemec_ReplicateLayout.replicate_layout 1168:Replicating text
12-04 23:17:51 com_github_MitjaNemec_ReplicateLayout.replicate_layout 1175:Replicating text on sheet ['AnodeGateDrive1']
12-04 23:17:51 com_github_MitjaNemec_ReplicateLayout.replicate_layout 1175:Replicating text on sheet ['AnodeGateDrive10']
12-04 23:17:51 com_github_MitjaNemec_ReplicateLayout.replicate_layout 1175:Replicating text on sheet ['AnodeGateDrive11']
12-04 23:17:51 com_github_MitjaNemec_ReplicateLayout.replicate_layout 1175:Replicating text on sheet ['AnodeGateDrive12']
12-04 23:17:51 com_github_MitjaNemec_ReplicateLayout.replicate_layout 1175:Replicating text on sheet ['AnodeGateDrive13']
12-04 23:17:51 com_github_MitjaNemec_ReplicateLayout.replicate_layout 1175:Replicating text on sheet ['AnodeGateDrive14']
12-04 23:17:51 com_github_MitjaNemec_ReplicateLayout.replicate_layout 1175:Replicating text on sheet ['AnodeGateDrive15']
12-04 23:17:51 com_github_MitjaNemec_ReplicateLayout.replicate_layout 1175:Replicating text on sheet ['AnodeGateDrive16']
12-04 23:17:51 com_github_MitjaNemec_ReplicateLayout.replicate_layout 1175:Replicating text on sheet ['AnodeGateDrive17']
12-04 23:17:51 com_github_MitjaNemec_ReplicateLayout.replicate_layout 1175:Replicating text on sheet ['AnodeGateDrive18']
12-04 23:17:51 com_github_MitjaNemec_ReplicateLayout.replicate_layout 1175:Replicating text on sheet ['AnodeGateDrive19']
12-04 23:17:51 com_github_MitjaNemec_ReplicateLayout.replicate_layout 1175:Replicating text on sheet ['AnodeGateDrive2']
12-04 23:17:51 com_github_MitjaNemec_ReplicateLayout.replicate_layout 1175:Replicating text on sheet ['AnodeGateDrive3']
12-04 23:17:51 com_github_MitjaNemec_ReplicateLayout.replicate_layout 1175:Replicating text on sheet ['AnodeGateDrive4']
12-04 23:17:51 com_github_MitjaNemec_ReplicateLayout.replicate_layout 1175:Replicating text on sheet ['AnodeGateDrive5']
12-04 23:17:51 com_github_MitjaNemec_ReplicateLayout.replicate_layout 1175:Replicating text on sheet ['AnodeGateDrive6']
12-04 23:17:51 com_github_MitjaNemec_ReplicateLayout.replicate_layout 1175:Replicating text on sheet ['AnodeGateDrive7']
12-04 23:17:51 com_github_MitjaNemec_ReplicateLayout.replicate_layout 1175:Replicating text on sheet ['AnodeGateDrive8']
12-04 23:17:51 com_github_MitjaNemec_ReplicateLayout.replicate_layout 1175:Replicating text on sheet ['AnodeGateDrive9']
12-04 23:17:51 root 332:updating GUI message: 'Replicating drawings'
12-04 23:17:51 com_github_MitjaNemec_ReplicateLayout.replicate_layout 1219:Replicating drawings
12-04 23:17:51 com_github_MitjaNemec_ReplicateLayout.replicate_layout 1225:Replicating drawings on sheet ['AnodeGateDrive1']
12-04 23:17:51 com_github_MitjaNemec_ReplicateLayout.replicate_layout 1225:Replicating drawings on sheet ['AnodeGateDrive10']
12-04 23:17:51 com_github_MitjaNemec_ReplicateLayout.replicate_layout 1225:Replicating drawings on sheet ['AnodeGateDrive11']
12-04 23:17:51 com_github_MitjaNemec_ReplicateLayout.replicate_layout 1225:Replicating drawings on sheet ['AnodeGateDrive12']
12-04 23:17:51 com_github_MitjaNemec_ReplicateLayout.replicate_layout 1225:Replicating drawings on sheet ['AnodeGateDrive13']
12-04 23:17:51 com_github_MitjaNemec_ReplicateLayout.replicate_layout 1225:Replicating drawings on sheet ['AnodeGateDrive14']
12-04 23:17:51 com_github_MitjaNemec_ReplicateLayout.replicate_layout 1225:Replicating drawings on sheet ['AnodeGateDrive15']
12-04 23:17:51 com_github_MitjaNemec_ReplicateLayout.replicate_layout 1225:Replicating drawings on sheet ['AnodeGateDrive16']
12-04 23:17:51 com_github_MitjaNemec_ReplicateLayout.replicate_layout 1225:Replicating drawings on sheet ['AnodeGateDrive17']
12-04 23:17:51 com_github_MitjaNemec_ReplicateLayout.replicate_layout 1225:Replicating drawings on sheet ['AnodeGateDrive18']
12-04 23:17:51 com_github_MitjaNemec_ReplicateLayout.replicate_layout 1225:Replicating drawings on sheet ['AnodeGateDrive19']
12-04 23:17:51 com_github_MitjaNemec_ReplicateLayout.replicate_layout 1225:Replicating drawings on sheet ['AnodeGateDrive2']
12-04 23:17:51 com_github_MitjaNemec_ReplicateLayout.replicate_layout 1225:Replicating drawings on sheet ['AnodeGateDrive3']
12-04 23:17:51 com_github_MitjaNemec_ReplicateLayout.replicate_layout 1225:Replicating drawings on sheet ['AnodeGateDrive4']
12-04 23:17:51 com_github_MitjaNemec_ReplicateLayout.replicate_layout 1225:Replicating drawings on sheet ['AnodeGateDrive5']
12-04 23:17:51 com_github_MitjaNemec_ReplicateLayout.replicate_layout 1225:Replicating drawings on sheet ['AnodeGateDrive6']
12-04 23:17:51 com_github_MitjaNemec_ReplicateLayout.replicate_layout 1225:Replicating drawings on sheet ['AnodeGateDrive7']
12-04 23:17:51 com_github_MitjaNemec_ReplicateLayout.replicate_layout 1225:Replicating drawings on sheet ['AnodeGateDrive8']
12-04 23:17:51 com_github_MitjaNemec_ReplicateLayout.replicate_layout 1225:Replicating drawings on sheet ['AnodeGateDrive9']
12-04 23:17:51 com_github_MitjaNemec_ReplicateLayout.action_replicate_layout 256:Replication complete
12-04 23:17:51 com_github_MitjaNemec_ReplicateLayout.action_replicate_layout 259:Letting the user know there are some issues with replicated design
12-04 23:17:51 com_github_MitjaNemec_ReplicateLayout.action_replicate_layout 263:Looks like the design has an exotic connectivity that the plugin might not handle properly
 Make sure that you check the connectivity around:
Footprint Q1101, pad 1
Footprint R1601, pad 1
Footprint Q1001, pad 1
Footprint R2001, pad 1
Footprint Q1801, pad 1
Footprint Q1401, pad 1
Footprint Q1901, pad 1
Footprint Q1501, pad 1
Footprint Q1601, pad 1
Footprint R1201, pad 1
Footprint R1001, pad 1
Footprint Q2001, pad 1
Footprint R2101, pad 1
Footprint Q1301, pad 1
Footprint R1701, pad 1
Footprint Q1201, pad 1
Footprint R1401, pad 1
Footprint R1801, pad 1
Footprint Q2101, pad 1
Footprint R1301, pad 1
Footprint Q1701, pad 1
Footprint R1101, pad 1
Footprint R1901, pad 1
Footprint R1501, pad 1

